<?xml version="1.0" encoding="UTF-8"?>
<TestRun id="3927bf5b-4968-4153-8e06-4533e2e4228e" name="Eisen@CRAZYEISEN 2011-10-16 13:02:40" runUser="CRAZYEISEN\Eisen" xmlns="http://microsoft.com/schemas/VisualStudio/TeamTest/2010">
  <TestSettings name="Local" id="8e5fc231-a8cb-423c-9521-0eadba8787ac">
    <Description>These are default test settings for a local test run.</Description>
    <Deployment enabled="false" runDeploymentRoot="Eisen_CRAZYEISEN 2011-10-16 13_02_40">
      <DeploymentItem filename="C:\Users\Eisen\Code\RoboNUI\repo\plugin\log4net\log4net.dll" />
      <DeploymentItem filename="C:\Users\Eisen\Code\RoboNUI\repo\RoboticNaturalUserInterface\RoboticNaturalUserInterface\bin\Debug\RoboticNaturalUserInterface.exe" />
      <DeploymentItem filename="C:\Users\Eisen\Code\RoboNUI\repo\plugin\json\Newtonsoft.Json.Net35.dll" />
      <DeploymentItem filename="C:\Users\Eisen\Code\RoboNUI\repo\RoboticNaturalUserInterface\MessagingUtilities\bin\Debug\Utilities.dll" />
    </Deployment>
    <Execution>
      <TestTypeSpecific />
      <AgentRule name="Execution Agents">
      </AgentRule>
    </Execution>
  </TestSettings>
  <Times creation="2011-10-16T13:02:40.5262831-04:00" queuing="2011-10-16T13:02:40.6072877-04:00" start="2011-10-16T13:02:40.6162882-04:00" finish="2011-10-16T13:04:30.2885611-04:00" />
  <ResultSummary outcome="Failed">
    <Counters total="1" executed="1" error="0" failed="1" timeout="0" aborted="0" inconclusive="0" passedButRunAborted="0" notRunnable="0" notExecuted="0" disconnected="0" warning="0" passed="0" completed="0" inProgress="0" pending="0" />
    <Output>
      <StdOut>44 [Agent: adapter run thread for test 'StartGetAnglesTest' with id '669ab4d6-8df9-451e-94a5-8e7f20053f58'] DEBUG RoboNui.RobotAdapter.RoboticArmServoController (null) - RoboNui.RobotAdapter.RoboticArmServoController constructed.
84 [Agent: adapter run thread for test 'StartGetAnglesTest' with id '669ab4d6-8df9-451e-94a5-8e7f20053f58'] INFO RoboNui.RobotAdapter.RoboticArmServoController (null) - Initiating all servos to center.
87 [Agent: adapter run thread for test 'StartGetAnglesTest' with id '669ab4d6-8df9-451e-94a5-8e7f20053f58'] DEBUG RoboNui.RobotAdapter.RoboticArmServoController (null) - Send Command comstr: #0 P1500 #1 P1500 #2 P1500 #3 P1500 #4 P1500 #5 P1500  
88 [Agent: adapter run thread for test 'StartGetAnglesTest' with id '669ab4d6-8df9-451e-94a5-8e7f20053f58'] DEBUG RoboNui.RobotAdapter.RoboticArmServoController (null) - RoboNui.RobotAdapter.RoboticArmServoController constructed.
</StdOut>
    </Output>
  </ResultSummary>
  <TestDefinitions>
    <UnitTest name="StartGetAnglesTest" storage="c:\users\eisen\code\robonui\repo\roboticnaturaluserinterface\robonuitest\bin\debug\robonuitest.dll" id="79910ce3-504e-d28b-b1e6-2cfee93c9001">
      <Execution id="669ab4d6-8df9-451e-94a5-8e7f20053f58" />
      <TestMethod codeBase="C:/Users/Eisen/Code/RoboNUI/repo/RoboticNaturalUserInterface/RoboNuiTest/bin/Debug/RoboNuiTest.DLL" adapterTypeName="Microsoft.VisualStudio.TestTools.TestTypes.Unit.UnitTestAdapter, Microsoft.VisualStudio.QualityTools.Tips.UnitTest.Adapter, Version=10.0.0.0, Culture=neutral, PublicKeyToken=b03f5f7f11d50a3a" className="RoboNuiTest.RoboticArmServoControllerTest, RoboNuiTest, Version=1.0.0.0, Culture=neutral, PublicKeyToken=null" name="StartGetAnglesTest" />
    </UnitTest>
  </TestDefinitions>
  <TestLists>
    <TestList name="Results Not in a List" id="8c84fa94-04c1-424b-9868-57a2d4851a1d" />
    <TestList name="All Loaded Results" id="19431567-8539-422a-85d7-44ee4e166bda" />
  </TestLists>
  <TestEntries>
    <TestEntry testId="79910ce3-504e-d28b-b1e6-2cfee93c9001" executionId="669ab4d6-8df9-451e-94a5-8e7f20053f58" testListId="8c84fa94-04c1-424b-9868-57a2d4851a1d" />
  </TestEntries>
  <Results>
    <UnitTestResult executionId="669ab4d6-8df9-451e-94a5-8e7f20053f58" testId="79910ce3-504e-d28b-b1e6-2cfee93c9001" testName="StartGetAnglesTest" computerName="CRAZYEISEN" duration="00:00:01.0619683" startTime="2011-10-16T13:02:40.6462899-04:00" endTime="2011-10-16T13:02:42.1713772-04:00" testType="13cdc9d9-ddb5-4fa4-a97d-d965ccfc6d4b" outcome="Failed" testListId="8c84fa94-04c1-424b-9868-57a2d4851a1d" relativeResultsDirectory="669ab4d6-8df9-451e-94a5-8e7f20053f58">
      <Output>
        <StdOut>121 [Agent: adapter run thread for test 'StartGetAnglesTest' with id '669ab4d6-8df9-451e-94a5-8e7f20053f58'] DEBUG RoboNui.RobotAdapter.RoboticArmServoController (null) - Send Command comstr: QP 0  QP 1  QP 2  QP 3  QP 4  QP 5   
1122 [Agent: adapter run thread for test 'StartGetAnglesTest' with id '669ab4d6-8df9-451e-94a5-8e7f20053f58'] ERROR RoboNui.RobotAdapter.RoboticArmServoController (null) - Timeout exception on read to SSC32.
System.TimeoutException: The operation has timed out.
   at System.IO.Ports.SerialStream.Read(Byte[] array, Int32 offset, Int32 count, Int32 timeout)
   at System.IO.Ports.SerialStream.Read(Byte[] array, Int32 offset, Int32 count)
   at System.IO.Ports.SerialPort.Read(Byte[] buffer, Int32 offset, Int32 count)
   at RoboNui.RobotAdapter.SSC32.ServoController.sendCommand(ServoCommandGroup com) in C:\Users\Eisen\Code\RoboNUI\repo\RoboticNaturalUserInterface\RoboticNaturalUserInterface\RobotAdapter\SSC32\ServoController.cs:line 148</StdOut>
        <ErrorInfo>
          <Message>Assert.IsNotNull failed. </Message>
          <StackTrace>   at RoboNuiTest.RoboticArmServoControllerTest.StartGetAnglesTest() in C:\Users\Eisen\Code\RoboNUI\repo\RoboticNaturalUserInterface\RoboNuiTest\RoboticArmServoControllerTest.cs:line 103
</StackTrace>
        </ErrorInfo>
      </Output>
    </UnitTestResult>
  </Results>
</TestRun>