<?xml version="1.0" encoding="UTF-8"?>
<TestRun id="d8c3e5eb-3017-4337-8697-f9b19f9db1ee" name="Eisen@CRAZYEISEN 2011-09-18 15:30:10" runUser="CRAZYEISEN\Eisen" xmlns="http://microsoft.com/schemas/VisualStudio/TeamTest/2010">
  <TestSettings name="Local" id="8e5fc231-a8cb-423c-9521-0eadba8787ac">
    <Description>These are default test settings for a local test run.</Description>
    <Deployment enabled="false" runDeploymentRoot="Eisen_CRAZYEISEN 2011-09-18 15_30_10">
      <DeploymentItem filename="C:\Users\Eisen\Code\RoboNUI\repo\plugin\log4net\log4net.dll" />
      <DeploymentItem filename="C:\Users\Eisen\Code\RoboNUI\repo\RoboticNaturalUserInterface\MessagingUtilities\bin\Release\Utilities.dll" />
      <DeploymentItem filename="C:\Users\Eisen\Code\RoboNUI\repo\plugin\json\Newtonsoft.Json.Net35.dll" />
      <DeploymentItem filename="C:\Users\Eisen\Code\RoboNUI\repo\RoboticNaturalUserInterface\RoboticNaturalUserInterface\bin\Release\RoboticNaturalUserInterface.exe" />
    </Deployment>
    <Execution>
      <TestTypeSpecific />
      <AgentRule name="Execution Agents">
      </AgentRule>
    </Execution>
  </TestSettings>
  <Times creation="2011-09-18T15:30:10.1463053-04:00" queuing="2011-09-18T15:30:11.4303787-04:00" start="2011-09-18T15:30:11.6043887-04:00" finish="2011-09-18T15:32:13.1193389-04:00" />
  <ResultSummary outcome="Error">
    <Counters total="1" executed="1" error="0" failed="0" timeout="0" aborted="1" inconclusive="0" passedButRunAborted="0" notRunnable="0" notExecuted="0" disconnected="0" warning="0" passed="0" completed="0" inProgress="0" pending="0" />
    <RunInfos>
      <RunInfo computerName="CRAZYEISEN" outcome="Error" timestamp="2011-09-18T15:32:13.1173388-04:00">
        <Text>Test host process exited unexpectedly.</Text>
      </RunInfo>
    </RunInfos>
  </ResultSummary>
  <TestDefinitions>
    <UnitTest name="StartGetAnglesTest" storage="c:\users\eisen\code\robonui\repo\roboticnaturaluserinterface\robonuitest\bin\release\robonuitest.dll" id="79910ce3-504e-d28b-b1e6-2cfee93c9001">
      <Execution id="7cc70c63-ce51-4762-b93b-2d7bc897e714" />
      <TestMethod codeBase="C:/Users/Eisen/Code/RoboNUI/repo/RoboticNaturalUserInterface/RoboNuiTest/bin/Release/RoboNuiTest.DLL" adapterTypeName="Microsoft.VisualStudio.TestTools.TestTypes.Unit.UnitTestAdapter, Microsoft.VisualStudio.QualityTools.Tips.UnitTest.Adapter, Version=10.0.0.0, Culture=neutral, PublicKeyToken=b03f5f7f11d50a3a" className="RoboNuiTest.RoboticArmServoControllerTest, RoboNuiTest, Version=1.0.0.0, Culture=neutral, PublicKeyToken=null" name="StartGetAnglesTest" />
    </UnitTest>
  </TestDefinitions>
  <TestLists>
    <TestList name="Results Not in a List" id="8c84fa94-04c1-424b-9868-57a2d4851a1d" />
    <TestList name="All Loaded Results" id="19431567-8539-422a-85d7-44ee4e166bda" />
  </TestLists>
  <TestEntries>
    <TestEntry testId="79910ce3-504e-d28b-b1e6-2cfee93c9001" executionId="7cc70c63-ce51-4762-b93b-2d7bc897e714" testListId="8c84fa94-04c1-424b-9868-57a2d4851a1d" />
  </TestEntries>
  <Results>
    <UnitTestResult executionId="7cc70c63-ce51-4762-b93b-2d7bc897e714" testId="79910ce3-504e-d28b-b1e6-2cfee93c9001" testName="StartGetAnglesTest" computerName="CRAZYEISEN" duration="00:02:01.3379401" startTime="2011-09-18T15:30:11.7813988-04:00" endTime="2011-09-18T15:32:13.1193389-04:00" testType="13cdc9d9-ddb5-4fa4-a97d-d965ccfc6d4b" outcome="Aborted" testListId="8c84fa94-04c1-424b-9868-57a2d4851a1d" relativeResultsDirectory="7cc70c63-ce51-4762-b93b-2d7bc897e714">
    </UnitTestResult>
  </Results>
</TestRun>