<?xml version="1.0" encoding="UTF-8"?>
<TestRun id="3fe3c3ac-5586-4936-93b4-380783f45a16" name="Eisen@CRAZYEISEN 2011-09-18 15:36:52" runUser="CRAZYEISEN\Eisen" xmlns="http://microsoft.com/schemas/VisualStudio/TeamTest/2010">
  <TestSettings name="Local" id="8e5fc231-a8cb-423c-9521-0eadba8787ac">
    <Description>These are default test settings for a local test run.</Description>
    <Deployment enabled="false" runDeploymentRoot="Eisen_CRAZYEISEN 2011-09-18 15_36_52">
      <DeploymentItem filename="C:\Users\Eisen\Code\RoboNUI\repo\plugin\log4net\log4net.dll" />
      <DeploymentItem filename="C:\Users\Eisen\Code\RoboNUI\repo\RoboticNaturalUserInterface\MessagingUtilities\bin\Release\Utilities.dll" />
      <DeploymentItem filename="C:\Users\Eisen\Code\RoboNUI\repo\plugin\json\Newtonsoft.Json.Net35.dll" />
      <DeploymentItem filename="C:\Users\Eisen\Code\RoboNUI\repo\RoboticNaturalUserInterface\RoboticNaturalUserInterface\bin\Release\RoboticNaturalUserInterface.exe" />
    </Deployment>
    <Execution>
      <TestTypeSpecific />
      <AgentRule name="Execution Agents">
      </AgentRule>
    </Execution>
  </TestSettings>
  <Times creation="2011-09-18T15:36:52.3653109-04:00" queuing="2011-09-18T15:36:52.3823119-04:00" start="2011-09-18T15:36:52.4003129-04:00" finish="2011-09-18T15:36:52.8643394-04:00" />
  <ResultSummary outcome="Error">
    <Counters total="4" executed="4" error="4" failed="0" timeout="0" aborted="0" inconclusive="0" passedButRunAborted="0" notRunnable="0" notExecuted="0" disconnected="0" warning="0" passed="0" completed="0" inProgress="0" pending="0" />
  </ResultSummary>
  <TestDefinitions>
    <UnitTest name="IsMovementFinishedTest" storage="c:\users\eisen\code\robonui\repo\roboticnaturaluserinterface\robonuitest\bin\release\robonuitest.dll" id="d5490ce4-ac11-2484-f37d-aa5f215bcfd5">
      <Execution id="ea15e58f-e6d2-4675-babc-01dd5a8e7f1a" />
      <TestMethod codeBase="C:/Users/Eisen/Code/RoboNUI/repo/RoboticNaturalUserInterface/RoboNuiTest/bin/Release/RoboNuiTest.DLL" adapterTypeName="Microsoft.VisualStudio.TestTools.TestTypes.Unit.UnitTestAdapter, Microsoft.VisualStudio.QualityTools.Tips.UnitTest.Adapter, Version=10.0.0.0, Culture=neutral, PublicKeyToken=b03f5f7f11d50a3a" className="RoboNuiTest.RoboticArmServoControllerTest, RoboNuiTest, Version=1.0.0.0, Culture=neutral, PublicKeyToken=null" name="IsMovementFinishedTest" />
    </UnitTest>
    <UnitTest name="StartGetAnglesTest" storage="c:\users\eisen\code\robonui\repo\roboticnaturaluserinterface\robonuitest\bin\release\robonuitest.dll" id="79910ce3-504e-d28b-b1e6-2cfee93c9001">
      <Execution id="5191e545-b28c-4169-842b-5a2ffd243702" />
      <TestMethod codeBase="C:/Users/Eisen/Code/RoboNUI/repo/RoboticNaturalUserInterface/RoboNuiTest/bin/Release/RoboNuiTest.DLL" adapterTypeName="Microsoft.VisualStudio.TestTools.TestTypes.Unit.UnitTestAdapter, Microsoft.VisualStudio.QualityTools.Tips.UnitTest.Adapter, Version=10.0.0.0, Culture=neutral, PublicKeyToken=b03f5f7f11d50a3a" className="RoboNuiTest.RoboticArmServoControllerTest, RoboNuiTest, Version=1.0.0.0, Culture=neutral, PublicKeyToken=null" name="StartGetAnglesTest" />
    </UnitTest>
    <UnitTest name="RoboticArmServoControllerConstructorTest" storage="c:\users\eisen\code\robonui\repo\roboticnaturaluserinterface\robonuitest\bin\release\robonuitest.dll" id="a9142bc7-fdb8-08b6-aa3a-4e5428bbec5d">
      <Execution id="77c77c11-7242-4345-9406-a97c6aad673d" />
      <TestMethod codeBase="C:/Users/Eisen/Code/RoboNUI/repo/RoboticNaturalUserInterface/RoboNuiTest/bin/Release/RoboNuiTest.DLL" adapterTypeName="Microsoft.VisualStudio.TestTools.TestTypes.Unit.UnitTestAdapter, Microsoft.VisualStudio.QualityTools.Tips.UnitTest.Adapter, Version=10.0.0.0, Culture=neutral, PublicKeyToken=b03f5f7f11d50a3a" className="RoboNuiTest.RoboticArmServoControllerTest, RoboNuiTest, Version=1.0.0.0, Culture=neutral, PublicKeyToken=null" name="RoboticArmServoControllerConstructorTest" />
    </UnitTest>
    <UnitTest name="UpdateTest" storage="c:\users\eisen\code\robonui\repo\roboticnaturaluserinterface\robonuitest\bin\release\robonuitest.dll" id="c0eca1fb-66d4-bb09-728d-297533670eaf">
      <DeploymentItems>
        <DeploymentItem filename="RoboticNaturalUserInterface.exe" />
      </DeploymentItems>
      <Execution id="ad1a00e7-e58c-4113-94df-d0f73d064d0a" />
      <TestMethod codeBase="C:/Users/Eisen/Code/RoboNUI/repo/RoboticNaturalUserInterface/RoboNuiTest/bin/Release/RoboNuiTest.DLL" adapterTypeName="Microsoft.VisualStudio.TestTools.TestTypes.Unit.UnitTestAdapter, Microsoft.VisualStudio.QualityTools.Tips.UnitTest.Adapter, Version=10.0.0.0, Culture=neutral, PublicKeyToken=b03f5f7f11d50a3a" className="RoboNuiTest.RoboticArmServoControllerTest, RoboNuiTest, Version=1.0.0.0, Culture=neutral, PublicKeyToken=null" name="UpdateTest" />
    </UnitTest>
  </TestDefinitions>
  <TestLists>
    <TestList name="Results Not in a List" id="8c84fa94-04c1-424b-9868-57a2d4851a1d" />
    <TestList name="All Loaded Results" id="19431567-8539-422a-85d7-44ee4e166bda" />
  </TestLists>
  <TestEntries>
    <TestEntry testId="79910ce3-504e-d28b-b1e6-2cfee93c9001" executionId="5191e545-b28c-4169-842b-5a2ffd243702" testListId="8c84fa94-04c1-424b-9868-57a2d4851a1d" />
    <TestEntry testId="a9142bc7-fdb8-08b6-aa3a-4e5428bbec5d" executionId="77c77c11-7242-4345-9406-a97c6aad673d" testListId="8c84fa94-04c1-424b-9868-57a2d4851a1d" />
    <TestEntry testId="c0eca1fb-66d4-bb09-728d-297533670eaf" executionId="ad1a00e7-e58c-4113-94df-d0f73d064d0a" testListId="8c84fa94-04c1-424b-9868-57a2d4851a1d" />
    <TestEntry testId="d5490ce4-ac11-2484-f37d-aa5f215bcfd5" executionId="ea15e58f-e6d2-4675-babc-01dd5a8e7f1a" testListId="8c84fa94-04c1-424b-9868-57a2d4851a1d" />
  </TestEntries>
  <Results>
    <UnitTestResult executionId="5191e545-b28c-4169-842b-5a2ffd243702" testId="79910ce3-504e-d28b-b1e6-2cfee93c9001" testName="StartGetAnglesTest" computerName="CRAZYEISEN" startTime="2011-09-18T15:36:52.4073133-04:00" endTime="2011-09-18T15:36:52.7233314-04:00" testType="13cdc9d9-ddb5-4fa4-a97d-d965ccfc6d4b" testListId="8c84fa94-04c1-424b-9868-57a2d4851a1d" relativeResultsDirectory="5191e545-b28c-4169-842b-5a2ffd243702">
      <Output>
        <ErrorInfo>
          <Message>Method RoboNuiTest.RoboticArmServoControllerTest.MyClassInitialize has wrong signature.  The method should have 1 parameters.</Message>
        </ErrorInfo>
      </Output>
    </UnitTestResult>
    <UnitTestResult executionId="77c77c11-7242-4345-9406-a97c6aad673d" testId="a9142bc7-fdb8-08b6-aa3a-4e5428bbec5d" testName="RoboticArmServoControllerConstructorTest" computerName="CRAZYEISEN" startTime="2011-09-18T15:36:52.7573333-04:00" endTime="2011-09-18T15:36:52.7653338-04:00" testType="13cdc9d9-ddb5-4fa4-a97d-d965ccfc6d4b" testListId="8c84fa94-04c1-424b-9868-57a2d4851a1d" relativeResultsDirectory="77c77c11-7242-4345-9406-a97c6aad673d">
      <Output>
        <ErrorInfo>
          <Message>Method RoboNuiTest.RoboticArmServoControllerTest.MyClassInitialize has wrong signature.  The method should have 1 parameters.</Message>
        </ErrorInfo>
      </Output>
    </UnitTestResult>
    <UnitTestResult executionId="ad1a00e7-e58c-4113-94df-d0f73d064d0a" testId="c0eca1fb-66d4-bb09-728d-297533670eaf" testName="UpdateTest" computerName="CRAZYEISEN" startTime="2011-09-18T15:36:52.7793346-04:00" endTime="2011-09-18T15:36:52.7993357-04:00" testType="13cdc9d9-ddb5-4fa4-a97d-d965ccfc6d4b" testListId="8c84fa94-04c1-424b-9868-57a2d4851a1d" relativeResultsDirectory="ad1a00e7-e58c-4113-94df-d0f73d064d0a">
      <Output>
        <ErrorInfo>
          <Message>Method RoboNuiTest.RoboticArmServoControllerTest.MyClassInitialize has wrong signature.  The method should have 1 parameters.</Message>
        </ErrorInfo>
      </Output>
    </UnitTestResult>
    <UnitTestResult executionId="ea15e58f-e6d2-4675-babc-01dd5a8e7f1a" testId="d5490ce4-ac11-2484-f37d-aa5f215bcfd5" testName="IsMovementFinishedTest" computerName="CRAZYEISEN" startTime="2011-09-18T15:36:52.8293374-04:00" endTime="2011-09-18T15:36:52.8383380-04:00" testType="13cdc9d9-ddb5-4fa4-a97d-d965ccfc6d4b" testListId="8c84fa94-04c1-424b-9868-57a2d4851a1d" relativeResultsDirectory="ea15e58f-e6d2-4675-babc-01dd5a8e7f1a">
      <Output>
        <ErrorInfo>
          <Message>Method RoboNuiTest.RoboticArmServoControllerTest.MyClassInitialize has wrong signature.  The method should have 1 parameters.</Message>
        </ErrorInfo>
      </Output>
    </UnitTestResult>
  </Results>
</TestRun>