<?xml version="1.0" encoding="UTF-8"?>
<TestRun id="6231b8a0-da84-404d-89d0-42a4cc6aa6b8" name="Eisen@CRAZYEISEN 2011-10-11 22:36:30" runUser="CRAZYEISEN\Eisen" xmlns="http://microsoft.com/schemas/VisualStudio/TeamTest/2010">
  <TestSettings name="Local" id="8e5fc231-a8cb-423c-9521-0eadba8787ac">
    <Description>These are default test settings for a local test run.</Description>
    <Deployment enabled="false" runDeploymentRoot="Eisen_CRAZYEISEN 2011-10-11 22_36_30">
      <DeploymentItem filename="C:\Users\Eisen\Code\RoboNUI\repo\plugin\log4net\log4net.dll" />
      <DeploymentItem filename="C:\Users\Eisen\Code\RoboNUI\repo\RoboticNaturalUserInterface\RoboticNaturalUserInterface\bin\Debug\RoboticNaturalUserInterface.exe" />
      <DeploymentItem filename="C:\Users\Eisen\Code\RoboNUI\repo\plugin\json\Newtonsoft.Json.Net35.dll" />
      <DeploymentItem filename="C:\Users\Eisen\Code\RoboNUI\repo\RoboticNaturalUserInterface\MessagingUtilities\bin\Debug\Utilities.dll" />
    </Deployment>
    <Execution>
      <TestTypeSpecific />
      <AgentRule name="Execution Agents">
      </AgentRule>
    </Execution>
  </TestSettings>
  <Times creation="2011-10-11T22:36:30.0921665-04:00" queuing="2011-10-11T22:36:30.5101904-04:00" start="2011-10-11T22:36:30.5701939-04:00" finish="2011-10-11T22:36:32.4433010-04:00" />
  <ResultSummary outcome="Failed">
    <Counters total="1" executed="1" error="0" failed="1" timeout="0" aborted="0" inconclusive="0" passedButRunAborted="0" notRunnable="0" notExecuted="0" disconnected="0" warning="0" passed="0" completed="0" inProgress="0" pending="0" />
    <Output>
      <StdOut>43 [Agent: adapter run thread for test 'StartGetAnglesTest' with id '4f437e62-a00f-4541-adf3-c7cbc6d92ec3'] DEBUG RoboNui.RobotAdapter.RoboticArmServoController (null) - RoboNui.RobotAdapter.RoboticArmServoController constructed.
85 [Agent: adapter run thread for test 'StartGetAnglesTest' with id '4f437e62-a00f-4541-adf3-c7cbc6d92ec3'] INFO RoboNui.RobotAdapter.RoboticArmServoController (null) - Initiating all servos to center.
87 [Agent: adapter run thread for test 'StartGetAnglesTest' with id '4f437e62-a00f-4541-adf3-c7cbc6d92ec3'] DEBUG RoboNui.RobotAdapter.RoboticArmServoController (null) - Send Command #0 P1500 #1 P1500 #2 P1500 #3 P1500 #4 P1500 #5 P1500  
88 [Agent: adapter run thread for test 'StartGetAnglesTest' with id '4f437e62-a00f-4541-adf3-c7cbc6d92ec3'] DEBUG RoboNui.RobotAdapter.RoboticArmServoController (null) - RoboNui.RobotAdapter.RoboticArmServoController constructed.
</StdOut>
    </Output>
  </ResultSummary>
  <TestDefinitions>
    <UnitTest name="StartGetAnglesTest" storage="c:\users\eisen\code\robonui\repo\roboticnaturaluserinterface\robonuitest\bin\debug\robonuitest.dll" id="79910ce3-504e-d28b-b1e6-2cfee93c9001">
      <Execution id="4f437e62-a00f-4541-adf3-c7cbc6d92ec3" />
      <TestMethod codeBase="C:/Users/Eisen/Code/RoboNUI/repo/RoboticNaturalUserInterface/RoboNuiTest/bin/Debug/RoboNuiTest.DLL" adapterTypeName="Microsoft.VisualStudio.TestTools.TestTypes.Unit.UnitTestAdapter, Microsoft.VisualStudio.QualityTools.Tips.UnitTest.Adapter, Version=10.0.0.0, Culture=neutral, PublicKeyToken=b03f5f7f11d50a3a" className="RoboNuiTest.RoboticArmServoControllerTest, RoboNuiTest, Version=1.0.0.0, Culture=neutral, PublicKeyToken=null" name="StartGetAnglesTest" />
    </UnitTest>
  </TestDefinitions>
  <TestLists>
    <TestList name="Results Not in a List" id="8c84fa94-04c1-424b-9868-57a2d4851a1d" />
    <TestList name="All Loaded Results" id="19431567-8539-422a-85d7-44ee4e166bda" />
  </TestLists>
  <TestEntries>
    <TestEntry testId="79910ce3-504e-d28b-b1e6-2cfee93c9001" executionId="4f437e62-a00f-4541-adf3-c7cbc6d92ec3" testListId="8c84fa94-04c1-424b-9868-57a2d4851a1d" />
  </TestEntries>
  <Results>
    <UnitTestResult executionId="4f437e62-a00f-4541-adf3-c7cbc6d92ec3" testId="79910ce3-504e-d28b-b1e6-2cfee93c9001" testName="StartGetAnglesTest" computerName="CRAZYEISEN" duration="00:00:01.1018682" startTime="2011-10-11T22:36:30.6201967-04:00" endTime="2011-10-11T22:36:32.2602905-04:00" testType="13cdc9d9-ddb5-4fa4-a97d-d965ccfc6d4b" outcome="Failed" testListId="8c84fa94-04c1-424b-9868-57a2d4851a1d" relativeResultsDirectory="4f437e62-a00f-4541-adf3-c7cbc6d92ec3">
      <Output>
        <StdOut>119 [Agent: adapter run thread for test 'StartGetAnglesTest' with id '4f437e62-a00f-4541-adf3-c7cbc6d92ec3'] DEBUG RoboNui.RobotAdapter.RoboticArmServoController (null) - Send Command QP 0 1 2 3 4 5  
1122 [Agent: adapter run thread for test 'StartGetAnglesTest' with id '4f437e62-a00f-4541-adf3-c7cbc6d92ec3'] ERROR RoboNui.RobotAdapter.RoboticArmServoController (null) - Timeout exception on read to SSC32.
System.TimeoutException: The operation has timed out.
   at System.IO.Ports.SerialStream.Read(Byte[] array, Int32 offset, Int32 count, Int32 timeout)
   at System.IO.Ports.SerialStream.Read(Byte[] array, Int32 offset, Int32 count)
   at System.IO.Ports.SerialPort.Read(Byte[] buffer, Int32 offset, Int32 count)
   at RoboNui.RobotAdapter.SSC32.ServoController.sendCommand(ServoCommandGroup com) in C:\Users\Eisen\Code\RoboNUI\repo\RoboticNaturalUserInterface\RoboticNaturalUserInterface\RobotAdapter\SSC32\ServoController.cs:line 142</StdOut>
        <ErrorInfo>
          <Message>Assert.IsNotNull failed. </Message>
          <StackTrace>   at RoboNuiTest.RoboticArmServoControllerTest.StartGetAnglesTest() in C:\Users\Eisen\Code\RoboNUI\repo\RoboticNaturalUserInterface\RoboNuiTest\RoboticArmServoControllerTest.cs:line 111
</StackTrace>
        </ErrorInfo>
      </Output>
    </UnitTestResult>
  </Results>
</TestRun>