<?xml version="1.0" encoding="UTF-8"?>
<TestRun id="f8a09deb-0d79-464c-97b3-8d75c71b1e21" name="Eisen@CRAZYEISEN 2011-09-18 15:52:37" runUser="CRAZYEISEN\Eisen" xmlns="http://microsoft.com/schemas/VisualStudio/TeamTest/2010">
  <TestSettings name="Local" id="8e5fc231-a8cb-423c-9521-0eadba8787ac">
    <Description>These are default test settings for a local test run.</Description>
    <Deployment enabled="false" runDeploymentRoot="Eisen_CRAZYEISEN 2011-09-18 15_52_37">
      <DeploymentItem filename="C:\Users\Eisen\Code\RoboNUI\repo\plugin\log4net\log4net.dll" />
      <DeploymentItem filename="C:\Users\Eisen\Code\RoboNUI\repo\RoboticNaturalUserInterface\MessagingUtilities\bin\Release\Utilities.dll" />
      <DeploymentItem filename="C:\Users\Eisen\Code\RoboNUI\repo\plugin\json\Newtonsoft.Json.Net35.dll" />
      <DeploymentItem filename="C:\Users\Eisen\Code\RoboNUI\repo\RoboticNaturalUserInterface\RoboticNaturalUserInterface\bin\Release\RoboticNaturalUserInterface.exe" />
    </Deployment>
    <Execution>
      <TestTypeSpecific />
      <AgentRule name="Execution Agents">
      </AgentRule>
    </Execution>
  </TestSettings>
  <Times creation="2011-09-18T15:52:37.8423891-04:00" queuing="2011-09-18T15:52:52.6052335-04:00" start="2011-09-18T15:52:52.8442472-04:00" finish="2011-09-18T15:54:03.7193010-04:00" />
  <ResultSummary outcome="Error">
    <Counters total="2" executed="1" error="0" failed="0" timeout="0" aborted="1" inconclusive="0" passedButRunAborted="0" notRunnable="0" notExecuted="1" disconnected="0" warning="0" passed="0" completed="0" inProgress="0" pending="0" />
    <RunInfos>
      <RunInfo computerName="CRAZYEISEN" outcome="Error" timestamp="2011-09-18T15:54:03.7173009-04:00">
        <Text>Test host process exited unexpectedly.</Text>
      </RunInfo>
    </RunInfos>
  </ResultSummary>
  <TestDefinitions>
    <UnitTest name="RoboticArmServoControllerConstructorTest" storage="c:\users\eisen\code\robonui\repo\roboticnaturaluserinterface\robonuitest\bin\release\robonuitest.dll" id="a9142bc7-fdb8-08b6-aa3a-4e5428bbec5d">
      <Execution id="6d469f8e-b9da-4ddd-992b-53a712567d21" />
      <TestMethod codeBase="C:/Users/Eisen/Code/RoboNUI/repo/RoboticNaturalUserInterface/RoboNuiTest/bin/Release/RoboNuiTest.DLL" adapterTypeName="Microsoft.VisualStudio.TestTools.TestTypes.Unit.UnitTestAdapter, Microsoft.VisualStudio.QualityTools.Tips.UnitTest.Adapter, Version=10.0.0.0, Culture=neutral, PublicKeyToken=b03f5f7f11d50a3a" className="RoboNuiTest.RoboticArmServoControllerTest, RoboNuiTest, Version=1.0.0.0, Culture=neutral, PublicKeyToken=null" name="RoboticArmServoControllerConstructorTest" />
    </UnitTest>
    <UnitTest name="StartGetAnglesTest" storage="c:\users\eisen\code\robonui\repo\roboticnaturaluserinterface\robonuitest\bin\release\robonuitest.dll" id="79910ce3-504e-d28b-b1e6-2cfee93c9001">
      <Execution id="264d16a0-d82a-4028-8480-c68b54df18a8" />
      <TestMethod codeBase="C:/Users/Eisen/Code/RoboNUI/repo/RoboticNaturalUserInterface/RoboNuiTest/bin/Release/RoboNuiTest.DLL" adapterTypeName="Microsoft.VisualStudio.TestTools.TestTypes.Unit.UnitTestAdapter, Microsoft.VisualStudio.QualityTools.Tips.UnitTest.Adapter, Version=10.0.0.0, Culture=neutral, PublicKeyToken=b03f5f7f11d50a3a" className="RoboNuiTest.RoboticArmServoControllerTest, RoboNuiTest, Version=1.0.0.0, Culture=neutral, PublicKeyToken=null" name="StartGetAnglesTest" />
    </UnitTest>
  </TestDefinitions>
  <TestLists>
    <TestList name="All Loaded Results" id="19431567-8539-422a-85d7-44ee4e166bda" />
    <TestList name="Lists of Results" id="8c43106b-9dc1-4907-a29f-aa66a61bf5b6" />
    <TestList name="Robot Tests" id="a91ccc29-14a1-404e-bc3e-39adb90aa9ef" parentListId="8c43106b-9dc1-4907-a29f-aa66a61bf5b6">
      <TestLinks>
        <TestLink id="d5490ce4-ac11-2484-f37d-aa5f215bcfd5" name="IsMovementFinishedTest" storage="c:\users\eisen\code\robonui\repo\roboticnaturaluserinterface\robonuitest\bin\release\robonuitest.dll" type="Microsoft.VisualStudio.TestTools.TestTypes.Unit.UnitTestElement, Microsoft.VisualStudio.QualityTools.Tips.UnitTest.ObjectModel, Version=10.0.0.0, Culture=neutral, PublicKeyToken=b03f5f7f11d50a3a" />
        <TestLink id="c0eca1fb-66d4-bb09-728d-297533670eaf" name="UpdateTest" storage="c:\users\eisen\code\robonui\repo\roboticnaturaluserinterface\robonuitest\bin\release\robonuitest.dll" type="Microsoft.VisualStudio.TestTools.TestTypes.Unit.UnitTestElement, Microsoft.VisualStudio.QualityTools.Tips.UnitTest.ObjectModel, Version=10.0.0.0, Culture=neutral, PublicKeyToken=b03f5f7f11d50a3a" />
        <TestLink id="a9142bc7-fdb8-08b6-aa3a-4e5428bbec5d" name="RoboticArmServoControllerConstructorTest" storage="c:\users\eisen\code\robonui\repo\roboticnaturaluserinterface\robonuitest\bin\release\robonuitest.dll" type="Microsoft.VisualStudio.TestTools.TestTypes.Unit.UnitTestElement, Microsoft.VisualStudio.QualityTools.Tips.UnitTest.ObjectModel, Version=10.0.0.0, Culture=neutral, PublicKeyToken=b03f5f7f11d50a3a" />
        <TestLink id="79910ce3-504e-d28b-b1e6-2cfee93c9001" name="StartGetAnglesTest" storage="c:\users\eisen\code\robonui\repo\roboticnaturaluserinterface\robonuitest\bin\release\robonuitest.dll" type="Microsoft.VisualStudio.TestTools.TestTypes.Unit.UnitTestElement, Microsoft.VisualStudio.QualityTools.Tips.UnitTest.ObjectModel, Version=10.0.0.0, Culture=neutral, PublicKeyToken=b03f5f7f11d50a3a" />
      </TestLinks>
    </TestList>
  </TestLists>
  <TestEntries>
    <TestEntry testId="79910ce3-504e-d28b-b1e6-2cfee93c9001" executionId="264d16a0-d82a-4028-8480-c68b54df18a8" testListId="a91ccc29-14a1-404e-bc3e-39adb90aa9ef" />
    <TestEntry testId="a9142bc7-fdb8-08b6-aa3a-4e5428bbec5d" executionId="6d469f8e-b9da-4ddd-992b-53a712567d21" testListId="a91ccc29-14a1-404e-bc3e-39adb90aa9ef" />
  </TestEntries>
  <Results>
    <UnitTestResult executionId="264d16a0-d82a-4028-8480-c68b54df18a8" testId="79910ce3-504e-d28b-b1e6-2cfee93c9001" testName="StartGetAnglesTest" computerName="CRAZYEISEN" duration="00:01:10.6700421" startTime="2011-09-18T15:52:53.0482588-04:00" endTime="2011-09-18T15:54:03.7183009-04:00" testType="13cdc9d9-ddb5-4fa4-a97d-d965ccfc6d4b" outcome="Aborted" testListId="a91ccc29-14a1-404e-bc3e-39adb90aa9ef" relativeResultsDirectory="264d16a0-d82a-4028-8480-c68b54df18a8">
    </UnitTestResult>
    <UnitTestResult executionId="6d469f8e-b9da-4ddd-992b-53a712567d21" testId="a9142bc7-fdb8-08b6-aa3a-4e5428bbec5d" testName="RoboticArmServoControllerConstructorTest" computerName="CRAZYEISEN" testType="13cdc9d9-ddb5-4fa4-a97d-d965ccfc6d4b" outcome="NotExecuted" testListId="a91ccc29-14a1-404e-bc3e-39adb90aa9ef" relativeResultsDirectory="6d469f8e-b9da-4ddd-992b-53a712567d21">
    </UnitTestResult>
  </Results>
</TestRun>