<?xml version="1.0" encoding="UTF-8"?>
<TestRun id="099754ae-09d3-410b-9975-195eeb6cc8aa" name="Eisen@CRAZYEISEN 2011-11-29 21:56:44" runUser="CRAZYEISEN\Eisen" xmlns="http://microsoft.com/schemas/VisualStudio/TeamTest/2010">
  <TestSettings name="Local" id="8e5fc231-a8cb-423c-9521-0eadba8787ac">
    <Description>These are default test settings for a local test run.</Description>
    <Deployment enabled="false" runDeploymentRoot="Eisen_CRAZYEISEN 2011-11-29 21_56_44">
      <DeploymentItem filename="C:\Users\Eisen\Code\RoboNUI\repo\plugin\log4net\log4net.dll" />
      <DeploymentItem filename="C:\Users\Eisen\Code\RoboNUI\repo\RoboticNaturalUserInterface\RoboticNaturalUserInterface\bin\Debug\RoboticNaturalUserInterface.exe" />
      <DeploymentItem filename="C:\Users\Eisen\Code\RoboNUI\repo\plugin\json\Newtonsoft.Json.Net35.dll" />
      <DeploymentItem filename="C:\Users\Eisen\Code\RoboNUI\repo\RoboticNaturalUserInterface\MessagingUtilities\bin\Debug\Utilities.dll" />
    </Deployment>
    <Execution>
      <TestTypeSpecific />
      <AgentRule name="Execution Agents">
      </AgentRule>
    </Execution>
  </TestSettings>
  <Times creation="2011-11-29T21:56:44.0813808-05:00" queuing="2011-11-29T21:56:44.0983817-05:00" start="2011-11-29T21:56:44.1183829-05:00" finish="2011-11-29T21:56:52.6428705-05:00" />
  <ResultSummary outcome="Error">
    <Counters total="4" executed="4" passed="2" error="1" failed="1" timeout="0" aborted="0" inconclusive="0" passedButRunAborted="0" notRunnable="0" notExecuted="0" disconnected="0" warning="0" completed="0" inProgress="0" pending="0" />
  </ResultSummary>
  <TestDefinitions>
    <UnitTest name="UpdateTest" storage="c:\users\eisen\code\robonui\repo\roboticnaturaluserinterface\robonuitest\bin\debug\robonuitest.dll" id="eeddceb7-7d47-fd72-2af9-db464e484902">
      <Execution id="4c9db950-1ead-41bf-a4c4-02486e634ed6" />
      <TestMethod codeBase="C:/Users/Eisen/Code/RoboNUI/repo/RoboticNaturalUserInterface/RoboNuiTest/bin/Debug/RoboNuiTest.DLL" adapterTypeName="Microsoft.VisualStudio.TestTools.TestTypes.Unit.UnitTestAdapter, Microsoft.VisualStudio.QualityTools.Tips.UnitTest.Adapter, Version=10.0.0.0, Culture=neutral, PublicKeyToken=b03f5f7f11d50a3a" className="RoboNuiTest.JointAngleTranslatorTest, RoboNuiTest, Version=1.0.0.0, Culture=neutral, PublicKeyToken=null" name="UpdateTest" />
    </UnitTest>
    <UnitTest name="VoiceControlInterpreterConstructorTest" storage="c:\users\eisen\code\robonui\repo\roboticnaturaluserinterface\robonuitest\bin\debug\robonuitest.dll" id="001da288-f832-5643-40ad-6895e6d64972">
      <Execution id="efe8989e-c5c9-4b67-9053-86f84429765f" />
      <TestMethod codeBase="C:/Users/Eisen/Code/RoboNUI/repo/RoboticNaturalUserInterface/RoboNuiTest/bin/Debug/RoboNuiTest.DLL" adapterTypeName="Microsoft.VisualStudio.TestTools.TestTypes.Unit.UnitTestAdapter, Microsoft.VisualStudio.QualityTools.Tips.UnitTest.Adapter, Version=10.0.0.0, Culture=neutral, PublicKeyToken=b03f5f7f11d50a3a" className="RoboNuiTest.VoiceControlInterpreterTest, RoboNuiTest, Version=1.0.0.0, Culture=neutral, PublicKeyToken=null" name="VoiceControlInterpreterConstructorTest" />
    </UnitTest>
    <UnitTest name="UpdateTest" storage="c:\users\eisen\code\robonui\repo\roboticnaturaluserinterface\robonuitest\bin\debug\robonuitest.dll" id="c0eca1fb-66d4-bb09-728d-297533670eaf">
      <DeploymentItems>
        <DeploymentItem filename="RoboticNaturalUserInterface.exe" />
      </DeploymentItems>
      <Execution id="8b08795f-0e73-4e44-be10-434193003f08" />
      <TestMethod codeBase="C:/Users/Eisen/Code/RoboNUI/repo/RoboticNaturalUserInterface/RoboNuiTest/bin/Debug/RoboNuiTest.DLL" adapterTypeName="Microsoft.VisualStudio.TestTools.TestTypes.Unit.UnitTestAdapter, Microsoft.VisualStudio.QualityTools.Tips.UnitTest.Adapter, Version=10.0.0.0, Culture=neutral, PublicKeyToken=b03f5f7f11d50a3a" className="RoboNuiTest.RoboticArmServoControllerTest, RoboNuiTest, Version=1.0.0.0, Culture=neutral, PublicKeyToken=null" name="UpdateTest" />
    </UnitTest>
    <UnitTest name="JointAngleTranslatorConstructorTest" storage="c:\users\eisen\code\robonui\repo\roboticnaturaluserinterface\robonuitest\bin\debug\robonuitest.dll" id="3607432d-474d-0ce1-5eb1-b98786483e85">
      <Execution id="516c456e-f7e5-4bea-ba15-3d9fedc5c25f" />
      <TestMethod codeBase="C:/Users/Eisen/Code/RoboNUI/repo/RoboticNaturalUserInterface/RoboNuiTest/bin/Debug/RoboNuiTest.DLL" adapterTypeName="Microsoft.VisualStudio.TestTools.TestTypes.Unit.UnitTestAdapter, Microsoft.VisualStudio.QualityTools.Tips.UnitTest.Adapter, Version=10.0.0.0, Culture=neutral, PublicKeyToken=b03f5f7f11d50a3a" className="RoboNuiTest.JointAngleTranslatorTest, RoboNuiTest, Version=1.0.0.0, Culture=neutral, PublicKeyToken=null" name="JointAngleTranslatorConstructorTest" />
    </UnitTest>
  </TestDefinitions>
  <TestLists>
    <TestList name="Results Not in a List" id="8c84fa94-04c1-424b-9868-57a2d4851a1d" />
    <TestList name="All Loaded Results" id="19431567-8539-422a-85d7-44ee4e166bda" />
  </TestLists>
  <TestEntries>
    <TestEntry testId="001da288-f832-5643-40ad-6895e6d64972" executionId="efe8989e-c5c9-4b67-9053-86f84429765f" testListId="8c84fa94-04c1-424b-9868-57a2d4851a1d" />
    <TestEntry testId="3607432d-474d-0ce1-5eb1-b98786483e85" executionId="516c456e-f7e5-4bea-ba15-3d9fedc5c25f" testListId="8c84fa94-04c1-424b-9868-57a2d4851a1d" />
    <TestEntry testId="c0eca1fb-66d4-bb09-728d-297533670eaf" executionId="8b08795f-0e73-4e44-be10-434193003f08" testListId="8c84fa94-04c1-424b-9868-57a2d4851a1d" />
    <TestEntry testId="eeddceb7-7d47-fd72-2af9-db464e484902" executionId="4c9db950-1ead-41bf-a4c4-02486e634ed6" testListId="8c84fa94-04c1-424b-9868-57a2d4851a1d" />
  </TestEntries>
  <Results>
    <UnitTestResult executionId="efe8989e-c5c9-4b67-9053-86f84429765f" testId="001da288-f832-5643-40ad-6895e6d64972" testName="VoiceControlInterpreterConstructorTest" computerName="CRAZYEISEN" duration="00:00:04.6784260" startTime="2011-11-29T21:56:44.1343838-05:00" endTime="2011-11-29T21:56:49.1636715-05:00" testType="13cdc9d9-ddb5-4fa4-a97d-d965ccfc6d4b" outcome="Passed" testListId="8c84fa94-04c1-424b-9868-57a2d4851a1d" relativeResultsDirectory="efe8989e-c5c9-4b67-9053-86f84429765f">
      <Output>
        <StdOut>61 [Agent: adapter run thread for test 'VoiceControlInterpreterConstructorTest' with id 'efe8989e-c5c9-4b67-9053-86f84429765f'] DEBUG RoboNui.KinectAdapter.VoiceControlInterpreter (null) - RoboNui.KinectAdapter.VoiceControlInterpreter constructed.
183 [Agent: adapter run thread for test 'VoiceControlInterpreterConstructorTest' with id 'efe8989e-c5c9-4b67-9053-86f84429765f'] DEBUG RoboNui.KinectAdapter.VoiceControlInterpreter (null) - Using Kinect speech recognizer: Microsoft Server Speech Recognition Language - Kinect (en-US)
1740 [Agent: adapter run thread for test 'VoiceControlInterpreterConstructorTest' with id 'efe8989e-c5c9-4b67-9053-86f84429765f'] DEBUG RoboNui.KinectAdapter.VoiceControlInterpreter (null) - 
Speech Hypothesized: 	robo
1987 [Agent: adapter run thread for test 'VoiceControlInterpreterConstructorTest' with id 'efe8989e-c5c9-4b67-9053-86f84429765f'] DEBUG RoboNui.KinectAdapter.VoiceControlInterpreter (null) - 
Speech Hypothesized: 	robo nu
2267 [Agent: adapter run thread for test 'VoiceControlInterpreterConstructorTest' with id 'efe8989e-c5c9-4b67-9053-86f84429765f'] DEBUG RoboNui.KinectAdapter.VoiceControlInterpreter (null) - 
Speech Hypothesized: 	robo nu ee
2493 [Agent: adapter run thread for test 'VoiceControlInterpreterConstructorTest' with id 'efe8989e-c5c9-4b67-9053-86f84429765f'] DEBUG RoboNui.KinectAdapter.VoiceControlInterpreter (null) - 
Speech Hypothesized: 	robo nu ee use
3256 [Agent: adapter run thread for test 'VoiceControlInterpreterConstructorTest' with id 'efe8989e-c5c9-4b67-9053-86f84429765f'] DEBUG RoboNui.KinectAdapter.VoiceControlInterpreter (null) - 
Speech Hypothesized: 	robo nu ee use user
3508 [Agent: adapter run thread for test 'VoiceControlInterpreterConstructorTest' with id 'efe8989e-c5c9-4b67-9053-86f84429765f'] DEBUG RoboNui.KinectAdapter.VoiceControlInterpreter (null) - 
Speech Hypothesized: 	robo nu ee use left
3982 [Agent: adapter run thread for test 'VoiceControlInterpreterConstructorTest' with id 'efe8989e-c5c9-4b67-9053-86f84429765f'] DEBUG RoboNui.KinectAdapter.VoiceControlInterpreter (null) - 
Speech Hypothesized: 	robo nu ee use left arm
4689 [Agent: adapter run thread for test 'VoiceControlInterpreterConstructorTest' with id 'efe8989e-c5c9-4b67-9053-86f84429765f'] DEBUG RoboNui.KinectAdapter.VoiceControlInterpreter (null) - 
Speech Recognized: 	robo nu ee use left arm
4689 [Agent: adapter run thread for test 'VoiceControlInterpreterConstructorTest' with id 'efe8989e-c5c9-4b67-9053-86f84429765f'] ERROR RoboNui.KinectAdapter.VoiceControlInterpreter (null) - Semantic 'command' unrecognized!
4705 [Agent: adapter run thread for test 'VoiceControlInterpreterConstructorTest' with id 'efe8989e-c5c9-4b67-9053-86f84429765f'] INFO RoboNui.KinectAdapter.VoiceControlInterpreter (null) - Speech Recognition enabled.</StdOut>
      </Output>
    </UnitTestResult>
    <UnitTestResult executionId="516c456e-f7e5-4bea-ba15-3d9fedc5c25f" testId="3607432d-474d-0ce1-5eb1-b98786483e85" testName="JointAngleTranslatorConstructorTest" computerName="CRAZYEISEN" duration="00:00:00.0051555" startTime="2011-11-29T21:56:49.1726720-05:00" endTime="2011-11-29T21:56:49.1906730-05:00" testType="13cdc9d9-ddb5-4fa4-a97d-d965ccfc6d4b" outcome="Passed" testListId="8c84fa94-04c1-424b-9868-57a2d4851a1d" relativeResultsDirectory="516c456e-f7e5-4bea-ba15-3d9fedc5c25f">
    </UnitTestResult>
    <UnitTestResult executionId="8b08795f-0e73-4e44-be10-434193003f08" testId="c0eca1fb-66d4-bb09-728d-297533670eaf" testName="UpdateTest" computerName="CRAZYEISEN" startTime="2011-11-29T21:56:49.1976734-05:00" endTime="2011-11-29T21:56:52.0628373-05:00" testType="13cdc9d9-ddb5-4fa4-a97d-d965ccfc6d4b" testListId="8c84fa94-04c1-424b-9868-57a2d4851a1d" relativeResultsDirectory="8b08795f-0e73-4e44-be10-434193003f08">
      <Output>
        <ErrorInfo>
          <Message>The agent process was stopped while the test was running.</Message>
        </ErrorInfo>
      </Output>
    </UnitTestResult>
    <UnitTestResult executionId="4c9db950-1ead-41bf-a4c4-02486e634ed6" testId="eeddceb7-7d47-fd72-2af9-db464e484902" testName="UpdateTest" computerName="CRAZYEISEN" duration="00:00:00.0840230" startTime="2011-11-29T21:56:52.0818384-05:00" endTime="2011-11-29T21:56:52.5408646-05:00" testType="13cdc9d9-ddb5-4fa4-a97d-d965ccfc6d4b" outcome="Failed" testListId="8c84fa94-04c1-424b-9868-57a2d4851a1d" relativeResultsDirectory="4c9db950-1ead-41bf-a4c4-02486e634ed6">
      <Output>
        <ErrorInfo>
          <Message>Test method RoboNuiTest.JointAngleTranslatorTest.UpdateTest threw exception: 
System.NullReferenceException: Object reference not set to an instance of an object.</Message>
          <StackTrace>    at RoboNui.Core.JointAngleTranslator.Update(JointSet js) in C:\Users\Eisen\Code\RoboNUI\repo\RoboticNaturalUserInterface\RoboticNaturalUserInterface\Core\JointAngleTranslator.cs:line 108
   at RoboNuiTest.JointAngleTranslatorTest.UpdateTest() in C:\Users\Eisen\Code\RoboNUI\repo\RoboticNaturalUserInterface\RoboNuiTest\JointAngleTranslatorTest.cs:line 107
</StackTrace>
        </ErrorInfo>
      </Output>
    </UnitTestResult>
  </Results>
</TestRun>