<?xml version="1.0" encoding="UTF-8"?>
<TestRun id="d828a022-f71a-4ce6-8f4c-ae07194acdca" name="Eisen@CRAZYEISEN 2011-11-29 20:36:53" runUser="CRAZYEISEN\Eisen" xmlns="http://microsoft.com/schemas/VisualStudio/TeamTest/2010">
  <TestSettings name="Local" id="8e5fc231-a8cb-423c-9521-0eadba8787ac">
    <Description>These are default test settings for a local test run.</Description>
    <Deployment enabled="false" runDeploymentRoot="Eisen_CRAZYEISEN 2011-11-29 20_36_53">
      <DeploymentItem filename="C:\Users\Eisen\Code\RoboNUI\repo\plugin\log4net\log4net.dll" />
      <DeploymentItem filename="C:\Users\Eisen\Code\RoboNUI\repo\RoboticNaturalUserInterface\RoboticNaturalUserInterface\bin\Debug\RoboticNaturalUserInterface.exe" />
      <DeploymentItem filename="C:\Users\Eisen\Code\RoboNUI\repo\plugin\json\Newtonsoft.Json.Net35.dll" />
      <DeploymentItem filename="C:\Users\Eisen\Code\RoboNUI\repo\RoboticNaturalUserInterface\MessagingUtilities\bin\Debug\Utilities.dll" />
    </Deployment>
    <Execution>
      <TestTypeSpecific />
      <AgentRule name="Execution Agents">
      </AgentRule>
    </Execution>
  </TestSettings>
  <Times creation="2011-11-29T20:36:53.5613787-05:00" queuing="2011-11-29T20:36:55.2424748-05:00" start="2011-11-29T20:36:55.4524869-05:00" finish="2011-11-29T20:37:35.9738045-05:00" />
  <ResultSummary outcome="Error">
    <Counters total="4" executed="1" error="0" failed="0" timeout="0" aborted="1" inconclusive="0" passedButRunAborted="0" notRunnable="0" notExecuted="3" disconnected="0" warning="0" passed="0" completed="0" inProgress="0" pending="0" />
    <RunInfos>
      <RunInfo computerName="CRAZYEISEN" outcome="Error" timestamp="2011-11-29T20:37:35.9708044-05:00">
        <Text>Test host process exited unexpectedly.</Text>
      </RunInfo>
    </RunInfos>
  </ResultSummary>
  <TestDefinitions>
    <UnitTest name="UpdateTest" storage="c:\users\eisen\code\robonui\repo\roboticnaturaluserinterface\robonuitest\bin\debug\robonuitest.dll" id="eeddceb7-7d47-fd72-2af9-db464e484902">
      <Execution id="ed4f1681-b2d5-4a9d-8738-ae1df8d4f2f8" />
      <TestMethod codeBase="C:/Users/Eisen/Code/RoboNUI/repo/RoboticNaturalUserInterface/RoboNuiTest/bin/Debug/RoboNuiTest.DLL" adapterTypeName="Microsoft.VisualStudio.TestTools.TestTypes.Unit.UnitTestAdapter, Microsoft.VisualStudio.QualityTools.Tips.UnitTest.Adapter, Version=10.0.0.0, Culture=neutral, PublicKeyToken=b03f5f7f11d50a3a" className="RoboNuiTest.JointAngleTranslatorTest, RoboNuiTest, Version=1.0.0.0, Culture=neutral, PublicKeyToken=null" name="UpdateTest" />
    </UnitTest>
    <UnitTest name="VoiceControlInterpreterConstructorTest" storage="c:\users\eisen\code\robonui\repo\roboticnaturaluserinterface\robonuitest\bin\debug\robonuitest.dll" id="001da288-f832-5643-40ad-6895e6d64972">
      <Execution id="e5090263-034a-403a-af17-c28c3e521ab6" />
      <TestMethod codeBase="C:/Users/Eisen/Code/RoboNUI/repo/RoboticNaturalUserInterface/RoboNuiTest/bin/Debug/RoboNuiTest.DLL" adapterTypeName="Microsoft.VisualStudio.TestTools.TestTypes.Unit.UnitTestAdapter, Microsoft.VisualStudio.QualityTools.Tips.UnitTest.Adapter, Version=10.0.0.0, Culture=neutral, PublicKeyToken=b03f5f7f11d50a3a" className="RoboNuiTest.VoiceControlInterpreterTest, RoboNuiTest, Version=1.0.0.0, Culture=neutral, PublicKeyToken=null" name="VoiceControlInterpreterConstructorTest" />
    </UnitTest>
    <UnitTest name="UpdateTest" storage="c:\users\eisen\code\robonui\repo\roboticnaturaluserinterface\robonuitest\bin\debug\robonuitest.dll" id="c0eca1fb-66d4-bb09-728d-297533670eaf">
      <DeploymentItems>
        <DeploymentItem filename="RoboticNaturalUserInterface.exe" />
      </DeploymentItems>
      <Execution id="4c6b4159-df0b-4e13-8e60-d499ae1f0dcf" />
      <TestMethod codeBase="C:/Users/Eisen/Code/RoboNUI/repo/RoboticNaturalUserInterface/RoboNuiTest/bin/Debug/RoboNuiTest.DLL" adapterTypeName="Microsoft.VisualStudio.TestTools.TestTypes.Unit.UnitTestAdapter, Microsoft.VisualStudio.QualityTools.Tips.UnitTest.Adapter, Version=10.0.0.0, Culture=neutral, PublicKeyToken=b03f5f7f11d50a3a" className="RoboNuiTest.RoboticArmServoControllerTest, RoboNuiTest, Version=1.0.0.0, Culture=neutral, PublicKeyToken=null" name="UpdateTest" />
    </UnitTest>
    <UnitTest name="JointAngleTranslatorConstructorTest" storage="c:\users\eisen\code\robonui\repo\roboticnaturaluserinterface\robonuitest\bin\debug\robonuitest.dll" id="3607432d-474d-0ce1-5eb1-b98786483e85">
      <Execution id="c580a42e-9da2-4a33-9b37-b8ae41d40f8e" />
      <TestMethod codeBase="C:/Users/Eisen/Code/RoboNUI/repo/RoboticNaturalUserInterface/RoboNuiTest/bin/Debug/RoboNuiTest.DLL" adapterTypeName="Microsoft.VisualStudio.TestTools.TestTypes.Unit.UnitTestAdapter, Microsoft.VisualStudio.QualityTools.Tips.UnitTest.Adapter, Version=10.0.0.0, Culture=neutral, PublicKeyToken=b03f5f7f11d50a3a" className="RoboNuiTest.JointAngleTranslatorTest, RoboNuiTest, Version=1.0.0.0, Culture=neutral, PublicKeyToken=null" name="JointAngleTranslatorConstructorTest" />
    </UnitTest>
  </TestDefinitions>
  <TestLists>
    <TestList name="Results Not in a List" id="8c84fa94-04c1-424b-9868-57a2d4851a1d" />
    <TestList name="All Loaded Results" id="19431567-8539-422a-85d7-44ee4e166bda" />
  </TestLists>
  <TestEntries>
    <TestEntry testId="001da288-f832-5643-40ad-6895e6d64972" executionId="e5090263-034a-403a-af17-c28c3e521ab6" testListId="8c84fa94-04c1-424b-9868-57a2d4851a1d" />
    <TestEntry testId="3607432d-474d-0ce1-5eb1-b98786483e85" executionId="c580a42e-9da2-4a33-9b37-b8ae41d40f8e" testListId="8c84fa94-04c1-424b-9868-57a2d4851a1d" />
    <TestEntry testId="c0eca1fb-66d4-bb09-728d-297533670eaf" executionId="4c6b4159-df0b-4e13-8e60-d499ae1f0dcf" testListId="8c84fa94-04c1-424b-9868-57a2d4851a1d" />
    <TestEntry testId="eeddceb7-7d47-fd72-2af9-db464e484902" executionId="ed4f1681-b2d5-4a9d-8738-ae1df8d4f2f8" testListId="8c84fa94-04c1-424b-9868-57a2d4851a1d" />
  </TestEntries>
  <Results>
    <UnitTestResult executionId="e5090263-034a-403a-af17-c28c3e521ab6" testId="001da288-f832-5643-40ad-6895e6d64972" testName="VoiceControlInterpreterConstructorTest" computerName="CRAZYEISEN" duration="00:00:40.3913103" startTime="2011-11-29T20:36:55.5814942-05:00" endTime="2011-11-29T20:37:35.9728045-05:00" testType="13cdc9d9-ddb5-4fa4-a97d-d965ccfc6d4b" outcome="Aborted" testListId="8c84fa94-04c1-424b-9868-57a2d4851a1d" relativeResultsDirectory="e5090263-034a-403a-af17-c28c3e521ab6">
    </UnitTestResult>
    <UnitTestResult executionId="c580a42e-9da2-4a33-9b37-b8ae41d40f8e" testId="3607432d-474d-0ce1-5eb1-b98786483e85" testName="JointAngleTranslatorConstructorTest" computerName="CRAZYEISEN" testType="13cdc9d9-ddb5-4fa4-a97d-d965ccfc6d4b" outcome="NotExecuted" testListId="8c84fa94-04c1-424b-9868-57a2d4851a1d" relativeResultsDirectory="c580a42e-9da2-4a33-9b37-b8ae41d40f8e">
    </UnitTestResult>
    <UnitTestResult executionId="4c6b4159-df0b-4e13-8e60-d499ae1f0dcf" testId="c0eca1fb-66d4-bb09-728d-297533670eaf" testName="UpdateTest" computerName="CRAZYEISEN" testType="13cdc9d9-ddb5-4fa4-a97d-d965ccfc6d4b" outcome="NotExecuted" testListId="8c84fa94-04c1-424b-9868-57a2d4851a1d" relativeResultsDirectory="4c6b4159-df0b-4e13-8e60-d499ae1f0dcf">
    </UnitTestResult>
    <UnitTestResult executionId="ed4f1681-b2d5-4a9d-8738-ae1df8d4f2f8" testId="eeddceb7-7d47-fd72-2af9-db464e484902" testName="UpdateTest" computerName="CRAZYEISEN" testType="13cdc9d9-ddb5-4fa4-a97d-d965ccfc6d4b" outcome="NotExecuted" testListId="8c84fa94-04c1-424b-9868-57a2d4851a1d" relativeResultsDirectory="ed4f1681-b2d5-4a9d-8738-ae1df8d4f2f8">
    </UnitTestResult>
  </Results>
</TestRun>