<?xml version="1.0" encoding="UTF-8"?>
<TestRun id="b627a36f-9019-4f79-90a6-a000be456c1d" name="Eisen@CRAZYEISEN 2011-11-29 21:53:34" runUser="CRAZYEISEN\Eisen" xmlns="http://microsoft.com/schemas/VisualStudio/TeamTest/2010">
  <TestSettings name="Local" id="8e5fc231-a8cb-423c-9521-0eadba8787ac">
    <Description>These are default test settings for a local test run.</Description>
    <Deployment enabled="false" runDeploymentRoot="Eisen_CRAZYEISEN 2011-11-29 21_53_34">
      <DeploymentItem filename="C:\Users\Eisen\Code\RoboNUI\repo\plugin\log4net\log4net.dll" />
      <DeploymentItem filename="C:\Users\Eisen\Code\RoboNUI\repo\RoboticNaturalUserInterface\RoboticNaturalUserInterface\bin\Debug\RoboticNaturalUserInterface.exe" />
      <DeploymentItem filename="C:\Users\Eisen\Code\RoboNUI\repo\plugin\json\Newtonsoft.Json.Net35.dll" />
      <DeploymentItem filename="C:\Users\Eisen\Code\RoboNUI\repo\RoboticNaturalUserInterface\MessagingUtilities\bin\Debug\Utilities.dll" />
    </Deployment>
    <Execution>
      <TestTypeSpecific />
      <AgentRule name="Execution Agents">
      </AgentRule>
    </Execution>
  </TestSettings>
  <Times creation="2011-11-29T21:53:34.1395167-05:00" queuing="2011-11-29T21:53:34.1605179-05:00" start="2011-11-29T21:53:34.1755188-05:00" finish="2011-11-29T21:53:41.2589239-05:00" />
  <ResultSummary outcome="Error">
    <Counters total="4" executed="4" passed="2" error="1" failed="1" timeout="0" aborted="0" inconclusive="0" passedButRunAborted="0" notRunnable="0" notExecuted="0" disconnected="0" warning="0" completed="0" inProgress="0" pending="0" />
  </ResultSummary>
  <TestDefinitions>
    <UnitTest name="UpdateTest" storage="c:\users\eisen\code\robonui\repo\roboticnaturaluserinterface\robonuitest\bin\debug\robonuitest.dll" id="eeddceb7-7d47-fd72-2af9-db464e484902">
      <Execution id="bd820502-1211-4100-9c52-c02e093f1408" />
      <TestMethod codeBase="C:/Users/Eisen/Code/RoboNUI/repo/RoboticNaturalUserInterface/RoboNuiTest/bin/Debug/RoboNuiTest.DLL" adapterTypeName="Microsoft.VisualStudio.TestTools.TestTypes.Unit.UnitTestAdapter, Microsoft.VisualStudio.QualityTools.Tips.UnitTest.Adapter, Version=10.0.0.0, Culture=neutral, PublicKeyToken=b03f5f7f11d50a3a" className="RoboNuiTest.JointAngleTranslatorTest, RoboNuiTest, Version=1.0.0.0, Culture=neutral, PublicKeyToken=null" name="UpdateTest" />
    </UnitTest>
    <UnitTest name="VoiceControlInterpreterConstructorTest" storage="c:\users\eisen\code\robonui\repo\roboticnaturaluserinterface\robonuitest\bin\debug\robonuitest.dll" id="001da288-f832-5643-40ad-6895e6d64972">
      <Execution id="4245b51e-1b20-450a-957b-baf6e8dfaba0" />
      <TestMethod codeBase="C:/Users/Eisen/Code/RoboNUI/repo/RoboticNaturalUserInterface/RoboNuiTest/bin/Debug/RoboNuiTest.DLL" adapterTypeName="Microsoft.VisualStudio.TestTools.TestTypes.Unit.UnitTestAdapter, Microsoft.VisualStudio.QualityTools.Tips.UnitTest.Adapter, Version=10.0.0.0, Culture=neutral, PublicKeyToken=b03f5f7f11d50a3a" className="RoboNuiTest.VoiceControlInterpreterTest, RoboNuiTest, Version=1.0.0.0, Culture=neutral, PublicKeyToken=null" name="VoiceControlInterpreterConstructorTest" />
    </UnitTest>
    <UnitTest name="UpdateTest" storage="c:\users\eisen\code\robonui\repo\roboticnaturaluserinterface\robonuitest\bin\debug\robonuitest.dll" id="c0eca1fb-66d4-bb09-728d-297533670eaf">
      <DeploymentItems>
        <DeploymentItem filename="RoboticNaturalUserInterface.exe" />
      </DeploymentItems>
      <Execution id="40654bbb-cfa8-43c5-b2ef-d59522271fd0" />
      <TestMethod codeBase="C:/Users/Eisen/Code/RoboNUI/repo/RoboticNaturalUserInterface/RoboNuiTest/bin/Debug/RoboNuiTest.DLL" adapterTypeName="Microsoft.VisualStudio.TestTools.TestTypes.Unit.UnitTestAdapter, Microsoft.VisualStudio.QualityTools.Tips.UnitTest.Adapter, Version=10.0.0.0, Culture=neutral, PublicKeyToken=b03f5f7f11d50a3a" className="RoboNuiTest.RoboticArmServoControllerTest, RoboNuiTest, Version=1.0.0.0, Culture=neutral, PublicKeyToken=null" name="UpdateTest" />
    </UnitTest>
    <UnitTest name="JointAngleTranslatorConstructorTest" storage="c:\users\eisen\code\robonui\repo\roboticnaturaluserinterface\robonuitest\bin\debug\robonuitest.dll" id="3607432d-474d-0ce1-5eb1-b98786483e85">
      <Execution id="b85b568b-7396-484c-ad74-fdc9f9fbff05" />
      <TestMethod codeBase="C:/Users/Eisen/Code/RoboNUI/repo/RoboticNaturalUserInterface/RoboNuiTest/bin/Debug/RoboNuiTest.DLL" adapterTypeName="Microsoft.VisualStudio.TestTools.TestTypes.Unit.UnitTestAdapter, Microsoft.VisualStudio.QualityTools.Tips.UnitTest.Adapter, Version=10.0.0.0, Culture=neutral, PublicKeyToken=b03f5f7f11d50a3a" className="RoboNuiTest.JointAngleTranslatorTest, RoboNuiTest, Version=1.0.0.0, Culture=neutral, PublicKeyToken=null" name="JointAngleTranslatorConstructorTest" />
    </UnitTest>
  </TestDefinitions>
  <TestLists>
    <TestList name="Results Not in a List" id="8c84fa94-04c1-424b-9868-57a2d4851a1d" />
    <TestList name="All Loaded Results" id="19431567-8539-422a-85d7-44ee4e166bda" />
  </TestLists>
  <TestEntries>
    <TestEntry testId="001da288-f832-5643-40ad-6895e6d64972" executionId="4245b51e-1b20-450a-957b-baf6e8dfaba0" testListId="8c84fa94-04c1-424b-9868-57a2d4851a1d" />
    <TestEntry testId="3607432d-474d-0ce1-5eb1-b98786483e85" executionId="b85b568b-7396-484c-ad74-fdc9f9fbff05" testListId="8c84fa94-04c1-424b-9868-57a2d4851a1d" />
    <TestEntry testId="c0eca1fb-66d4-bb09-728d-297533670eaf" executionId="40654bbb-cfa8-43c5-b2ef-d59522271fd0" testListId="8c84fa94-04c1-424b-9868-57a2d4851a1d" />
    <TestEntry testId="eeddceb7-7d47-fd72-2af9-db464e484902" executionId="bd820502-1211-4100-9c52-c02e093f1408" testListId="8c84fa94-04c1-424b-9868-57a2d4851a1d" />
  </TestEntries>
  <Results>
    <UnitTestResult executionId="4245b51e-1b20-450a-957b-baf6e8dfaba0" testId="001da288-f832-5643-40ad-6895e6d64972" testName="VoiceControlInterpreterConstructorTest" computerName="CRAZYEISEN" duration="00:00:03.5066857" startTime="2011-11-29T21:53:34.1895196-05:00" endTime="2011-11-29T21:53:38.0917428-05:00" testType="13cdc9d9-ddb5-4fa4-a97d-d965ccfc6d4b" outcome="Passed" testListId="8c84fa94-04c1-424b-9868-57a2d4851a1d" relativeResultsDirectory="4245b51e-1b20-450a-957b-baf6e8dfaba0">
      <Output>
        <StdOut>63 [Agent: adapter run thread for test 'VoiceControlInterpreterConstructorTest' with id '4245b51e-1b20-450a-957b-baf6e8dfaba0'] DEBUG RoboNui.KinectAdapter.VoiceControlInterpreter (null) - RoboNui.KinectAdapter.VoiceControlInterpreter constructed.
184 [Agent: adapter run thread for test 'VoiceControlInterpreterConstructorTest' with id '4245b51e-1b20-450a-957b-baf6e8dfaba0'] DEBUG RoboNui.KinectAdapter.VoiceControlInterpreter (null) - Using Kinect speech recognizer: Microsoft Server Speech Recognition Language - Kinect (en-US)
1615 [Agent: adapter run thread for test 'VoiceControlInterpreterConstructorTest' with id '4245b51e-1b20-450a-957b-baf6e8dfaba0'] DEBUG RoboNui.KinectAdapter.VoiceControlInterpreter (null) - 
Speech Hypothesized: 	robo
1782 [Agent: adapter run thread for test 'VoiceControlInterpreterConstructorTest' with id '4245b51e-1b20-450a-957b-baf6e8dfaba0'] DEBUG RoboNui.KinectAdapter.VoiceControlInterpreter (null) - 
Speech Hypothesized: 	robo nu
2021 [Agent: adapter run thread for test 'VoiceControlInterpreterConstructorTest' with id '4245b51e-1b20-450a-957b-baf6e8dfaba0'] DEBUG RoboNui.KinectAdapter.VoiceControlInterpreter (null) - 
Speech Hypothesized: 	robo nu ee use
2288 [Agent: adapter run thread for test 'VoiceControlInterpreterConstructorTest' with id '4245b51e-1b20-450a-957b-baf6e8dfaba0'] DEBUG RoboNui.KinectAdapter.VoiceControlInterpreter (null) - 
Speech Hypothesized: 	robo nu ee select
2797 [Agent: adapter run thread for test 'VoiceControlInterpreterConstructorTest' with id '4245b51e-1b20-450a-957b-baf6e8dfaba0'] DEBUG RoboNui.KinectAdapter.VoiceControlInterpreter (null) - 
Speech Hypothesized: 	robo nu ee select user
3037 [Agent: adapter run thread for test 'VoiceControlInterpreterConstructorTest' with id '4245b51e-1b20-450a-957b-baf6e8dfaba0'] DEBUG RoboNui.KinectAdapter.VoiceControlInterpreter (null) - 
Speech Hypothesized: 	robo nu ee select marionette
3531 [Agent: adapter run thread for test 'VoiceControlInterpreterConstructorTest' with id '4245b51e-1b20-450a-957b-baf6e8dfaba0'] DEBUG RoboNui.KinectAdapter.VoiceControlInterpreter (null) - 
Speech Recognized: 	robo nu ee select marionette
3531 [Agent: adapter run thread for test 'VoiceControlInterpreterConstructorTest' with id '4245b51e-1b20-450a-957b-baf6e8dfaba0'] DEBUG RoboNui.KinectAdapter.VoiceControlInterpreter (null) - Interpreted robot selection Marionette from voice!
3534 [Agent: adapter run thread for test 'VoiceControlInterpreterConstructorTest' with id '4245b51e-1b20-450a-957b-baf6e8dfaba0'] INFO RoboNui.KinectAdapter.VoiceControlInterpreter (null) - Speech Recognition enabled.</StdOut>
      </Output>
    </UnitTestResult>
    <UnitTestResult executionId="b85b568b-7396-484c-ad74-fdc9f9fbff05" testId="3607432d-474d-0ce1-5eb1-b98786483e85" testName="JointAngleTranslatorConstructorTest" computerName="CRAZYEISEN" duration="00:00:00.0053355" startTime="2011-11-29T21:53:38.1007433-05:00" endTime="2011-11-29T21:53:38.1197444-05:00" testType="13cdc9d9-ddb5-4fa4-a97d-d965ccfc6d4b" outcome="Passed" testListId="8c84fa94-04c1-424b-9868-57a2d4851a1d" relativeResultsDirectory="b85b568b-7396-484c-ad74-fdc9f9fbff05">
    </UnitTestResult>
    <UnitTestResult executionId="40654bbb-cfa8-43c5-b2ef-d59522271fd0" testId="c0eca1fb-66d4-bb09-728d-297533670eaf" testName="UpdateTest" computerName="CRAZYEISEN" startTime="2011-11-29T21:53:38.1297449-05:00" endTime="2011-11-29T21:53:40.7818966-05:00" testType="13cdc9d9-ddb5-4fa4-a97d-d965ccfc6d4b" testListId="8c84fa94-04c1-424b-9868-57a2d4851a1d" relativeResultsDirectory="40654bbb-cfa8-43c5-b2ef-d59522271fd0">
      <Output>
        <ErrorInfo>
          <Message>The agent process was stopped while the test was running.</Message>
        </ErrorInfo>
      </Output>
    </UnitTestResult>
    <UnitTestResult executionId="bd820502-1211-4100-9c52-c02e093f1408" testId="eeddceb7-7d47-fd72-2af9-db464e484902" testName="UpdateTest" computerName="CRAZYEISEN" duration="00:00:00.0857880" startTime="2011-11-29T21:53:40.7968975-05:00" endTime="2011-11-29T21:53:41.2219218-05:00" testType="13cdc9d9-ddb5-4fa4-a97d-d965ccfc6d4b" outcome="Failed" testListId="8c84fa94-04c1-424b-9868-57a2d4851a1d" relativeResultsDirectory="bd820502-1211-4100-9c52-c02e093f1408">
      <Output>
        <ErrorInfo>
          <Message>Test method RoboNuiTest.JointAngleTranslatorTest.UpdateTest threw exception: 
System.NullReferenceException: Object reference not set to an instance of an object.</Message>
          <StackTrace>    at RoboNui.Core.JointAngleTranslator.Update(JointSet js) in C:\Users\Eisen\Code\RoboNUI\repo\RoboticNaturalUserInterface\RoboticNaturalUserInterface\Core\JointAngleTranslator.cs:line 108
   at RoboNuiTest.JointAngleTranslatorTest.UpdateTest() in C:\Users\Eisen\Code\RoboNUI\repo\RoboticNaturalUserInterface\RoboNuiTest\JointAngleTranslatorTest.cs:line 107
</StackTrace>
        </ErrorInfo>
      </Output>
    </UnitTestResult>
  </Results>
</TestRun>