<?xml version="1.0" encoding="UTF-8"?>
<TestRun id="ab0b8ebd-1a77-4db3-a8d7-6d8b9c19cffb" name="Eisen@CRAZYEISEN 2011-11-29 21:53:12" runUser="CRAZYEISEN\Eisen" xmlns="http://microsoft.com/schemas/VisualStudio/TeamTest/2010">
  <TestSettings name="Local" id="8e5fc231-a8cb-423c-9521-0eadba8787ac">
    <Description>These are default test settings for a local test run.</Description>
    <Deployment enabled="false" runDeploymentRoot="Eisen_CRAZYEISEN 2011-11-29 21_53_12">
      <DeploymentItem filename="C:\Users\Eisen\Code\RoboNUI\repo\plugin\log4net\log4net.dll" />
      <DeploymentItem filename="C:\Users\Eisen\Code\RoboNUI\repo\RoboticNaturalUserInterface\RoboticNaturalUserInterface\bin\Debug\RoboticNaturalUserInterface.exe" />
      <DeploymentItem filename="C:\Users\Eisen\Code\RoboNUI\repo\plugin\json\Newtonsoft.Json.Net35.dll" />
      <DeploymentItem filename="C:\Users\Eisen\Code\RoboNUI\repo\RoboticNaturalUserInterface\MessagingUtilities\bin\Debug\Utilities.dll" />
    </Deployment>
    <Execution>
      <TestTypeSpecific />
      <AgentRule name="Execution Agents">
      </AgentRule>
    </Execution>
  </TestSettings>
  <Times creation="2011-11-29T21:53:12.8703002-05:00" queuing="2011-11-29T21:53:12.8993018-05:00" start="2011-11-29T21:53:12.9103025-05:00" finish="2011-11-29T21:53:21.3277839-05:00" />
  <ResultSummary outcome="Error">
    <Counters total="4" executed="4" passed="2" error="1" failed="1" timeout="0" aborted="0" inconclusive="0" passedButRunAborted="0" notRunnable="0" notExecuted="0" disconnected="0" warning="0" completed="0" inProgress="0" pending="0" />
  </ResultSummary>
  <TestDefinitions>
    <UnitTest name="UpdateTest" storage="c:\users\eisen\code\robonui\repo\roboticnaturaluserinterface\robonuitest\bin\debug\robonuitest.dll" id="eeddceb7-7d47-fd72-2af9-db464e484902">
      <Execution id="8a2966c5-bf77-4ce7-a501-00d0e61657b0" />
      <TestMethod codeBase="C:/Users/Eisen/Code/RoboNUI/repo/RoboticNaturalUserInterface/RoboNuiTest/bin/Debug/RoboNuiTest.DLL" adapterTypeName="Microsoft.VisualStudio.TestTools.TestTypes.Unit.UnitTestAdapter, Microsoft.VisualStudio.QualityTools.Tips.UnitTest.Adapter, Version=10.0.0.0, Culture=neutral, PublicKeyToken=b03f5f7f11d50a3a" className="RoboNuiTest.JointAngleTranslatorTest, RoboNuiTest, Version=1.0.0.0, Culture=neutral, PublicKeyToken=null" name="UpdateTest" />
    </UnitTest>
    <UnitTest name="VoiceControlInterpreterConstructorTest" storage="c:\users\eisen\code\robonui\repo\roboticnaturaluserinterface\robonuitest\bin\debug\robonuitest.dll" id="001da288-f832-5643-40ad-6895e6d64972">
      <Execution id="2a984b5b-9b53-44ed-b3f2-6ab7a951c187" />
      <TestMethod codeBase="C:/Users/Eisen/Code/RoboNUI/repo/RoboticNaturalUserInterface/RoboNuiTest/bin/Debug/RoboNuiTest.DLL" adapterTypeName="Microsoft.VisualStudio.TestTools.TestTypes.Unit.UnitTestAdapter, Microsoft.VisualStudio.QualityTools.Tips.UnitTest.Adapter, Version=10.0.0.0, Culture=neutral, PublicKeyToken=b03f5f7f11d50a3a" className="RoboNuiTest.VoiceControlInterpreterTest, RoboNuiTest, Version=1.0.0.0, Culture=neutral, PublicKeyToken=null" name="VoiceControlInterpreterConstructorTest" />
    </UnitTest>
    <UnitTest name="UpdateTest" storage="c:\users\eisen\code\robonui\repo\roboticnaturaluserinterface\robonuitest\bin\debug\robonuitest.dll" id="c0eca1fb-66d4-bb09-728d-297533670eaf">
      <DeploymentItems>
        <DeploymentItem filename="RoboticNaturalUserInterface.exe" />
      </DeploymentItems>
      <Execution id="131ea62e-4839-4108-9b9d-4bd467dd2fd0" />
      <TestMethod codeBase="C:/Users/Eisen/Code/RoboNUI/repo/RoboticNaturalUserInterface/RoboNuiTest/bin/Debug/RoboNuiTest.DLL" adapterTypeName="Microsoft.VisualStudio.TestTools.TestTypes.Unit.UnitTestAdapter, Microsoft.VisualStudio.QualityTools.Tips.UnitTest.Adapter, Version=10.0.0.0, Culture=neutral, PublicKeyToken=b03f5f7f11d50a3a" className="RoboNuiTest.RoboticArmServoControllerTest, RoboNuiTest, Version=1.0.0.0, Culture=neutral, PublicKeyToken=null" name="UpdateTest" />
    </UnitTest>
    <UnitTest name="JointAngleTranslatorConstructorTest" storage="c:\users\eisen\code\robonui\repo\roboticnaturaluserinterface\robonuitest\bin\debug\robonuitest.dll" id="3607432d-474d-0ce1-5eb1-b98786483e85">
      <Execution id="5f46bad6-c7f9-45c1-9167-988d40682d33" />
      <TestMethod codeBase="C:/Users/Eisen/Code/RoboNUI/repo/RoboticNaturalUserInterface/RoboNuiTest/bin/Debug/RoboNuiTest.DLL" adapterTypeName="Microsoft.VisualStudio.TestTools.TestTypes.Unit.UnitTestAdapter, Microsoft.VisualStudio.QualityTools.Tips.UnitTest.Adapter, Version=10.0.0.0, Culture=neutral, PublicKeyToken=b03f5f7f11d50a3a" className="RoboNuiTest.JointAngleTranslatorTest, RoboNuiTest, Version=1.0.0.0, Culture=neutral, PublicKeyToken=null" name="JointAngleTranslatorConstructorTest" />
    </UnitTest>
  </TestDefinitions>
  <TestLists>
    <TestList name="Results Not in a List" id="8c84fa94-04c1-424b-9868-57a2d4851a1d" />
    <TestList name="All Loaded Results" id="19431567-8539-422a-85d7-44ee4e166bda" />
  </TestLists>
  <TestEntries>
    <TestEntry testId="001da288-f832-5643-40ad-6895e6d64972" executionId="2a984b5b-9b53-44ed-b3f2-6ab7a951c187" testListId="8c84fa94-04c1-424b-9868-57a2d4851a1d" />
    <TestEntry testId="3607432d-474d-0ce1-5eb1-b98786483e85" executionId="5f46bad6-c7f9-45c1-9167-988d40682d33" testListId="8c84fa94-04c1-424b-9868-57a2d4851a1d" />
    <TestEntry testId="c0eca1fb-66d4-bb09-728d-297533670eaf" executionId="131ea62e-4839-4108-9b9d-4bd467dd2fd0" testListId="8c84fa94-04c1-424b-9868-57a2d4851a1d" />
    <TestEntry testId="eeddceb7-7d47-fd72-2af9-db464e484902" executionId="8a2966c5-bf77-4ce7-a501-00d0e61657b0" testListId="8c84fa94-04c1-424b-9868-57a2d4851a1d" />
  </TestEntries>
  <Results>
    <UnitTestResult executionId="2a984b5b-9b53-44ed-b3f2-6ab7a951c187" testId="001da288-f832-5643-40ad-6895e6d64972" testName="VoiceControlInterpreterConstructorTest" computerName="CRAZYEISEN" duration="00:00:04.5337863" startTime="2011-11-29T21:53:12.9343038-05:00" endTime="2011-11-29T21:53:17.8755865-05:00" testType="13cdc9d9-ddb5-4fa4-a97d-d965ccfc6d4b" outcome="Passed" testListId="8c84fa94-04c1-424b-9868-57a2d4851a1d" relativeResultsDirectory="2a984b5b-9b53-44ed-b3f2-6ab7a951c187">
      <Output>
        <StdOut>68 [Agent: adapter run thread for test 'VoiceControlInterpreterConstructorTest' with id '2a984b5b-9b53-44ed-b3f2-6ab7a951c187'] DEBUG RoboNui.KinectAdapter.VoiceControlInterpreter (null) - RoboNui.KinectAdapter.VoiceControlInterpreter constructed.
189 [Agent: adapter run thread for test 'VoiceControlInterpreterConstructorTest' with id '2a984b5b-9b53-44ed-b3f2-6ab7a951c187'] DEBUG RoboNui.KinectAdapter.VoiceControlInterpreter (null) - Using Kinect speech recognizer: Microsoft Server Speech Recognition Language - Kinect (en-US)
2595 [Agent: adapter run thread for test 'VoiceControlInterpreterConstructorTest' with id '2a984b5b-9b53-44ed-b3f2-6ab7a951c187'] DEBUG RoboNui.KinectAdapter.VoiceControlInterpreter (null) - 
Speech Hypothesized: 	robo
3043 [Agent: adapter run thread for test 'VoiceControlInterpreterConstructorTest' with id '2a984b5b-9b53-44ed-b3f2-6ab7a951c187'] DEBUG RoboNui.KinectAdapter.VoiceControlInterpreter (null) - 
Speech Hypothesized: 	robo nu
3335 [Agent: adapter run thread for test 'VoiceControlInterpreterConstructorTest' with id '2a984b5b-9b53-44ed-b3f2-6ab7a951c187'] DEBUG RoboNui.KinectAdapter.VoiceControlInterpreter (null) - 
Speech Hypothesized: 	robo nu ee use
3565 [Agent: adapter run thread for test 'VoiceControlInterpreterConstructorTest' with id '2a984b5b-9b53-44ed-b3f2-6ab7a951c187'] DEBUG RoboNui.KinectAdapter.VoiceControlInterpreter (null) - 
Speech Hypothesized: 	robo nu ee select
4046 [Agent: adapter run thread for test 'VoiceControlInterpreterConstructorTest' with id '2a984b5b-9b53-44ed-b3f2-6ab7a951c187'] DEBUG RoboNui.KinectAdapter.VoiceControlInterpreter (null) - 
Speech Hypothesized: 	robo nu ee select arm
4539 [Agent: adapter run thread for test 'VoiceControlInterpreterConstructorTest' with id '2a984b5b-9b53-44ed-b3f2-6ab7a951c187'] DEBUG RoboNui.KinectAdapter.VoiceControlInterpreter (null) - 
Speech Recognized: 	robo nu ee select arm
4540 [Agent: adapter run thread for test 'VoiceControlInterpreterConstructorTest' with id '2a984b5b-9b53-44ed-b3f2-6ab7a951c187'] DEBUG RoboNui.KinectAdapter.VoiceControlInterpreter (null) - Interpreted robot selection Arm from voice!
4562 [Agent: adapter run thread for test 'VoiceControlInterpreterConstructorTest' with id '2a984b5b-9b53-44ed-b3f2-6ab7a951c187'] INFO RoboNui.KinectAdapter.VoiceControlInterpreter (null) - Speech Recognition enabled.</StdOut>
      </Output>
    </UnitTestResult>
    <UnitTestResult executionId="5f46bad6-c7f9-45c1-9167-988d40682d33" testId="3607432d-474d-0ce1-5eb1-b98786483e85" testName="JointAngleTranslatorConstructorTest" computerName="CRAZYEISEN" duration="00:00:00.0052181" startTime="2011-11-29T21:53:17.8825869-05:00" endTime="2011-11-29T21:53:17.8965877-05:00" testType="13cdc9d9-ddb5-4fa4-a97d-d965ccfc6d4b" outcome="Passed" testListId="8c84fa94-04c1-424b-9868-57a2d4851a1d" relativeResultsDirectory="5f46bad6-c7f9-45c1-9167-988d40682d33">
    </UnitTestResult>
    <UnitTestResult executionId="131ea62e-4839-4108-9b9d-4bd467dd2fd0" testId="c0eca1fb-66d4-bb09-728d-297533670eaf" testName="UpdateTest" computerName="CRAZYEISEN" startTime="2011-11-29T21:53:17.9015880-05:00" endTime="2011-11-29T21:53:20.5647403-05:00" testType="13cdc9d9-ddb5-4fa4-a97d-d965ccfc6d4b" testListId="8c84fa94-04c1-424b-9868-57a2d4851a1d" relativeResultsDirectory="131ea62e-4839-4108-9b9d-4bd467dd2fd0">
      <Output>
        <ErrorInfo>
          <Message>The agent process was stopped while the test was running.</Message>
        </ErrorInfo>
      </Output>
    </UnitTestResult>
    <UnitTestResult executionId="8a2966c5-bf77-4ce7-a501-00d0e61657b0" testId="eeddceb7-7d47-fd72-2af9-db464e484902" testName="UpdateTest" computerName="CRAZYEISEN" duration="00:00:00.1652257" startTime="2011-11-29T21:53:20.5857415-05:00" endTime="2011-11-29T21:53:21.2317784-05:00" testType="13cdc9d9-ddb5-4fa4-a97d-d965ccfc6d4b" outcome="Failed" testListId="8c84fa94-04c1-424b-9868-57a2d4851a1d" relativeResultsDirectory="8a2966c5-bf77-4ce7-a501-00d0e61657b0">
      <Output>
        <ErrorInfo>
          <Message>Test method RoboNuiTest.JointAngleTranslatorTest.UpdateTest threw exception: 
System.NullReferenceException: Object reference not set to an instance of an object.</Message>
          <StackTrace>    at RoboNui.Core.JointAngleTranslator.Update(JointSet js) in C:\Users\Eisen\Code\RoboNUI\repo\RoboticNaturalUserInterface\RoboticNaturalUserInterface\Core\JointAngleTranslator.cs:line 108
   at RoboNuiTest.JointAngleTranslatorTest.UpdateTest() in C:\Users\Eisen\Code\RoboNUI\repo\RoboticNaturalUserInterface\RoboNuiTest\JointAngleTranslatorTest.cs:line 107
</StackTrace>
        </ErrorInfo>
      </Output>
    </UnitTestResult>
  </Results>
</TestRun>