<?xml version="1.0" encoding="UTF-8"?>
<TestRun id="0d3eed73-ffdb-4666-99c0-652bfaeac853" name="Eisen@CRAZYEISEN 2011-11-29 21:51:56" runUser="CRAZYEISEN\Eisen" xmlns="http://microsoft.com/schemas/VisualStudio/TeamTest/2010">
  <TestSettings name="Local" id="8e5fc231-a8cb-423c-9521-0eadba8787ac">
    <Description>These are default test settings for a local test run.</Description>
    <Deployment enabled="false" runDeploymentRoot="Eisen_CRAZYEISEN 2011-11-29 21_51_56">
      <DeploymentItem filename="C:\Users\Eisen\Code\RoboNUI\repo\plugin\log4net\log4net.dll" />
      <DeploymentItem filename="C:\Users\Eisen\Code\RoboNUI\repo\RoboticNaturalUserInterface\RoboticNaturalUserInterface\bin\Debug\RoboticNaturalUserInterface.exe" />
      <DeploymentItem filename="C:\Users\Eisen\Code\RoboNUI\repo\plugin\json\Newtonsoft.Json.Net35.dll" />
      <DeploymentItem filename="C:\Users\Eisen\Code\RoboNUI\repo\RoboticNaturalUserInterface\MessagingUtilities\bin\Debug\Utilities.dll" />
    </Deployment>
    <Execution>
      <TestTypeSpecific />
      <AgentRule name="Execution Agents">
      </AgentRule>
    </Execution>
  </TestSettings>
  <Times creation="2011-11-29T21:51:56.5809367-05:00" queuing="2011-11-29T21:51:56.8619528-05:00" start="2011-11-29T21:51:56.9089554-05:00" finish="2011-11-29T21:52:04.3923835-05:00" />
  <ResultSummary outcome="Failed">
    <Counters total="4" executed="4" passed="2" error="0" failed="2" timeout="0" aborted="0" inconclusive="0" passedButRunAborted="0" notRunnable="0" notExecuted="0" disconnected="0" warning="0" completed="0" inProgress="0" pending="0" />
    <Output>
      <StdOut>3805 [Agent: adapter run thread for test 'UpdateTest' with id 'daab0a36-b282-4373-85f7-0d3ad79d314e'] DEBUG RoboNui.RobotAdapter.RoboticArmServoController (null) - RoboNui.RobotAdapter.RoboticArmServoController constructed.
3805 [Agent: adapter run thread for test 'UpdateTest' with id 'daab0a36-b282-4373-85f7-0d3ad79d314e'] DEBUG RoboNui.RobotAdapter.RoboticArmServoController (null) - RoboNui.RobotAdapter.RoboticArmServoController constructed.
3808 [Agent: adapter run thread for test 'UpdateTest' with id 'daab0a36-b282-4373-85f7-0d3ad79d314e'] ERROR RoboNui.RobotAdapter.RoboticArmServoController (null) - Could not open Servo Controller Port on COM5
System.IO.IOException: The port 'COM5' does not exist.
   at System.IO.Ports.InternalResources.WinIOError(Int32 errorCode, String str)
   at System.IO.Ports.SerialStream..ctor(String portName, Int32 baudRate, Parity parity, Int32 dataBits, StopBits stopBits, Int32 readTimeout, Int32 writeTimeout, Handshake handshake, Boolean dtrEnable, Boolean rtsEnable, Boolean discardNull, Byte parityReplace)
   at System.IO.Ports.SerialPort.Open()
   at RoboNui.RobotAdapter.SSC32.SSC32ServoController..ctor(String portName, ICollection`1 channels) in C:\Users\Eisen\Code\RoboNUI\repo\RoboticNaturalUserInterface\RoboticNaturalUserInterface\RobotAdapter\SSC32\ServoController.cs:line 54
3808 [Agent: adapter run thread for test 'UpdateTest' with id 'daab0a36-b282-4373-85f7-0d3ad79d314e'] ERROR RoboNui.RobotAdapter.RoboticArmServoController (null) - Could not open Servo Controller Port on COM5
System.IO.IOException: The port 'COM5' does not exist.
   at System.IO.Ports.InternalResources.WinIOError(Int32 errorCode, String str)
   at System.IO.Ports.SerialStream..ctor(String portName, Int32 baudRate, Parity parity, Int32 dataBits, StopBits stopBits, Int32 readTimeout, Int32 writeTimeout, Handshake handshake, Boolean dtrEnable, Boolean rtsEnable, Boolean discardNull, Byte parityReplace)
   at System.IO.Ports.SerialPort.Open()
   at RoboNui.RobotAdapter.SSC32.SSC32ServoController..ctor(String portName, ICollection`1 channels) in C:\Users\Eisen\Code\RoboNUI\repo\RoboticNaturalUserInterface\RoboticNaturalUserInterface\RobotAdapter\SSC32\ServoController.cs:line 54
3816 [Agent: adapter run thread for test 'UpdateTest' with id 'daab0a36-b282-4373-85f7-0d3ad79d314e'] DEBUG RoboNui.RobotAdapter.RoboticArmServoController (null) - RoboNui.RobotAdapter.RoboticArmServoController constructed.
3816 [Agent: adapter run thread for test 'UpdateTest' with id 'daab0a36-b282-4373-85f7-0d3ad79d314e'] DEBUG RoboNui.RobotAdapter.RoboticArmServoController (null) - RoboNui.RobotAdapter.RoboticArmServoController constructed.
</StdOut>
    </Output>
  </ResultSummary>
  <TestDefinitions>
    <UnitTest name="UpdateTest" storage="c:\users\eisen\code\robonui\repo\roboticnaturaluserinterface\robonuitest\bin\debug\robonuitest.dll" id="eeddceb7-7d47-fd72-2af9-db464e484902">
      <Execution id="00624e76-9705-47c8-8550-2ada943371b0" />
      <TestMethod codeBase="C:/Users/Eisen/Code/RoboNUI/repo/RoboticNaturalUserInterface/RoboNuiTest/bin/Debug/RoboNuiTest.DLL" adapterTypeName="Microsoft.VisualStudio.TestTools.TestTypes.Unit.UnitTestAdapter, Microsoft.VisualStudio.QualityTools.Tips.UnitTest.Adapter, Version=10.0.0.0, Culture=neutral, PublicKeyToken=b03f5f7f11d50a3a" className="RoboNuiTest.JointAngleTranslatorTest, RoboNuiTest, Version=1.0.0.0, Culture=neutral, PublicKeyToken=null" name="UpdateTest" />
    </UnitTest>
    <UnitTest name="VoiceControlInterpreterConstructorTest" storage="c:\users\eisen\code\robonui\repo\roboticnaturaluserinterface\robonuitest\bin\debug\robonuitest.dll" id="001da288-f832-5643-40ad-6895e6d64972">
      <Execution id="d87cf48c-248d-4b75-b319-055b0224edfa" />
      <TestMethod codeBase="C:/Users/Eisen/Code/RoboNUI/repo/RoboticNaturalUserInterface/RoboNuiTest/bin/Debug/RoboNuiTest.DLL" adapterTypeName="Microsoft.VisualStudio.TestTools.TestTypes.Unit.UnitTestAdapter, Microsoft.VisualStudio.QualityTools.Tips.UnitTest.Adapter, Version=10.0.0.0, Culture=neutral, PublicKeyToken=b03f5f7f11d50a3a" className="RoboNuiTest.VoiceControlInterpreterTest, RoboNuiTest, Version=1.0.0.0, Culture=neutral, PublicKeyToken=null" name="VoiceControlInterpreterConstructorTest" />
    </UnitTest>
    <UnitTest name="UpdateTest" storage="c:\users\eisen\code\robonui\repo\roboticnaturaluserinterface\robonuitest\bin\debug\robonuitest.dll" id="c0eca1fb-66d4-bb09-728d-297533670eaf">
      <DeploymentItems>
        <DeploymentItem filename="RoboticNaturalUserInterface.exe" />
      </DeploymentItems>
      <Execution id="daab0a36-b282-4373-85f7-0d3ad79d314e" />
      <TestMethod codeBase="C:/Users/Eisen/Code/RoboNUI/repo/RoboticNaturalUserInterface/RoboNuiTest/bin/Debug/RoboNuiTest.DLL" adapterTypeName="Microsoft.VisualStudio.TestTools.TestTypes.Unit.UnitTestAdapter, Microsoft.VisualStudio.QualityTools.Tips.UnitTest.Adapter, Version=10.0.0.0, Culture=neutral, PublicKeyToken=b03f5f7f11d50a3a" className="RoboNuiTest.RoboticArmServoControllerTest, RoboNuiTest, Version=1.0.0.0, Culture=neutral, PublicKeyToken=null" name="UpdateTest" />
    </UnitTest>
    <UnitTest name="JointAngleTranslatorConstructorTest" storage="c:\users\eisen\code\robonui\repo\roboticnaturaluserinterface\robonuitest\bin\debug\robonuitest.dll" id="3607432d-474d-0ce1-5eb1-b98786483e85">
      <Execution id="a12dd124-79cc-4884-94d8-1845bdc645a6" />
      <TestMethod codeBase="C:/Users/Eisen/Code/RoboNUI/repo/RoboticNaturalUserInterface/RoboNuiTest/bin/Debug/RoboNuiTest.DLL" adapterTypeName="Microsoft.VisualStudio.TestTools.TestTypes.Unit.UnitTestAdapter, Microsoft.VisualStudio.QualityTools.Tips.UnitTest.Adapter, Version=10.0.0.0, Culture=neutral, PublicKeyToken=b03f5f7f11d50a3a" className="RoboNuiTest.JointAngleTranslatorTest, RoboNuiTest, Version=1.0.0.0, Culture=neutral, PublicKeyToken=null" name="JointAngleTranslatorConstructorTest" />
    </UnitTest>
  </TestDefinitions>
  <TestLists>
    <TestList name="Results Not in a List" id="8c84fa94-04c1-424b-9868-57a2d4851a1d" />
    <TestList name="All Loaded Results" id="19431567-8539-422a-85d7-44ee4e166bda" />
  </TestLists>
  <TestEntries>
    <TestEntry testId="001da288-f832-5643-40ad-6895e6d64972" executionId="d87cf48c-248d-4b75-b319-055b0224edfa" testListId="8c84fa94-04c1-424b-9868-57a2d4851a1d" />
    <TestEntry testId="3607432d-474d-0ce1-5eb1-b98786483e85" executionId="a12dd124-79cc-4884-94d8-1845bdc645a6" testListId="8c84fa94-04c1-424b-9868-57a2d4851a1d" />
    <TestEntry testId="c0eca1fb-66d4-bb09-728d-297533670eaf" executionId="daab0a36-b282-4373-85f7-0d3ad79d314e" testListId="8c84fa94-04c1-424b-9868-57a2d4851a1d" />
    <TestEntry testId="eeddceb7-7d47-fd72-2af9-db464e484902" executionId="00624e76-9705-47c8-8550-2ada943371b0" testListId="8c84fa94-04c1-424b-9868-57a2d4851a1d" />
  </TestEntries>
  <Results>
    <UnitTestResult executionId="d87cf48c-248d-4b75-b319-055b0224edfa" testId="001da288-f832-5643-40ad-6895e6d64972" testName="VoiceControlInterpreterConstructorTest" computerName="CRAZYEISEN" duration="00:00:03.7048640" startTime="2011-11-29T21:51:56.9439574-05:00" endTime="2011-11-29T21:52:01.1031953-05:00" testType="13cdc9d9-ddb5-4fa4-a97d-d965ccfc6d4b" outcome="Passed" testListId="8c84fa94-04c1-424b-9868-57a2d4851a1d" relativeResultsDirectory="d87cf48c-248d-4b75-b319-055b0224edfa">
      <Output>
        <StdOut>52 [Agent: adapter run thread for test 'VoiceControlInterpreterConstructorTest' with id 'd87cf48c-248d-4b75-b319-055b0224edfa'] DEBUG RoboNui.KinectAdapter.VoiceControlInterpreter (null) - RoboNui.KinectAdapter.VoiceControlInterpreter constructed.
165 [Agent: adapter run thread for test 'VoiceControlInterpreterConstructorTest' with id 'd87cf48c-248d-4b75-b319-055b0224edfa'] DEBUG RoboNui.KinectAdapter.VoiceControlInterpreter (null) - Using Kinect speech recognizer: Microsoft Server Speech Recognition Language - Kinect (en-US)
1516 [Agent: adapter run thread for test 'VoiceControlInterpreterConstructorTest' with id 'd87cf48c-248d-4b75-b319-055b0224edfa'] DEBUG RoboNui.KinectAdapter.VoiceControlInterpreter (null) - 
Speech Hypothesized: 	robo
1958 [Agent: adapter run thread for test 'VoiceControlInterpreterConstructorTest' with id 'd87cf48c-248d-4b75-b319-055b0224edfa'] DEBUG RoboNui.KinectAdapter.VoiceControlInterpreter (null) - 
Speech Hypothesized: 	robo nu
2246 [Agent: adapter run thread for test 'VoiceControlInterpreterConstructorTest' with id 'd87cf48c-248d-4b75-b319-055b0224edfa'] DEBUG RoboNui.KinectAdapter.VoiceControlInterpreter (null) - 
Speech Hypothesized: 	robo nu ee use
2467 [Agent: adapter run thread for test 'VoiceControlInterpreterConstructorTest' with id 'd87cf48c-248d-4b75-b319-055b0224edfa'] DEBUG RoboNui.KinectAdapter.VoiceControlInterpreter (null) - 
Speech Hypothesized: 	robo nu ee system
2926 [Agent: adapter run thread for test 'VoiceControlInterpreterConstructorTest' with id 'd87cf48c-248d-4b75-b319-055b0224edfa'] DEBUG RoboNui.KinectAdapter.VoiceControlInterpreter (null) - 
Speech Hypothesized: 	robo nu ee system enable
3710 [Agent: adapter run thread for test 'VoiceControlInterpreterConstructorTest' with id 'd87cf48c-248d-4b75-b319-055b0224edfa'] DEBUG RoboNui.KinectAdapter.VoiceControlInterpreter (null) - 
Speech Recognized: 	robo nu ee system enable
3711 [Agent: adapter run thread for test 'VoiceControlInterpreterConstructorTest' with id 'd87cf48c-248d-4b75-b319-055b0224edfa'] DEBUG RoboNui.KinectAdapter.VoiceControlInterpreter (null) - Interpreted on/off command True from voice!
3725 [Agent: adapter run thread for test 'VoiceControlInterpreterConstructorTest' with id 'd87cf48c-248d-4b75-b319-055b0224edfa'] INFO RoboNui.KinectAdapter.VoiceControlInterpreter (null) - Speech Recognition enabled.</StdOut>
      </Output>
    </UnitTestResult>
    <UnitTestResult executionId="a12dd124-79cc-4884-94d8-1845bdc645a6" testId="3607432d-474d-0ce1-5eb1-b98786483e85" testName="JointAngleTranslatorConstructorTest" computerName="CRAZYEISEN" duration="00:00:00.0064952" startTime="2011-11-29T21:52:01.1141960-05:00" endTime="2011-11-29T21:52:01.1341971-05:00" testType="13cdc9d9-ddb5-4fa4-a97d-d965ccfc6d4b" outcome="Passed" testListId="8c84fa94-04c1-424b-9868-57a2d4851a1d" relativeResultsDirectory="a12dd124-79cc-4884-94d8-1845bdc645a6">
    </UnitTestResult>
    <UnitTestResult executionId="daab0a36-b282-4373-85f7-0d3ad79d314e" testId="c0eca1fb-66d4-bb09-728d-297533670eaf" testName="UpdateTest" computerName="CRAZYEISEN" duration="00:00:00.0524698" startTime="2011-11-29T21:52:01.1401975-05:00" endTime="2011-11-29T21:52:01.2322027-05:00" testType="13cdc9d9-ddb5-4fa4-a97d-d965ccfc6d4b" outcome="Failed" testListId="8c84fa94-04c1-424b-9868-57a2d4851a1d" relativeResultsDirectory="daab0a36-b282-4373-85f7-0d3ad79d314e">
      <Output>
        <StdOut>3838 [Agent: adapter run thread for test 'UpdateTest' with id 'daab0a36-b282-4373-85f7-0d3ad79d314e'] INFO RoboNui.RobotAdapter.RoboticArmServoController (null) - Sent movement command to Servo Controller.
3838 [Agent: adapter run thread for test 'UpdateTest' with id 'daab0a36-b282-4373-85f7-0d3ad79d314e'] INFO RoboNui.RobotAdapter.RoboticArmServoController (null) - Sent movement command to Servo Controller.
3840 [Agent: adapter run thread for test 'UpdateTest' with id 'daab0a36-b282-4373-85f7-0d3ad79d314e'] DEBUG RoboNui.RobotAdapter.RoboticArmServoController (null) - Send Command #0P1738#1P1738#2P1738#3P1738#4P1738#5P1738T1000
3840 [Agent: adapter run thread for test 'UpdateTest' with id 'daab0a36-b282-4373-85f7-0d3ad79d314e'] DEBUG RoboNui.RobotAdapter.RoboticArmServoController (null) - Send Command #0P1738#1P1738#2P1738#3P1738#4P1738#5P1738T1000
3842 [Agent: adapter run thread for test 'UpdateTest' with id 'daab0a36-b282-4373-85f7-0d3ad79d314e'] DEBUG RoboNui.RobotAdapter.RoboticArmServoController (null) - Send Command QP0
3842 [Agent: adapter run thread for test 'UpdateTest' with id 'daab0a36-b282-4373-85f7-0d3ad79d314e'] DEBUG RoboNui.RobotAdapter.RoboticArmServoController (null) - Send Command QP0
3846 [Agent: adapter run thread for test 'UpdateTest' with id 'daab0a36-b282-4373-85f7-0d3ad79d314e'] DEBUG RoboNui.RobotAdapter.RoboticArmServoController (null) - Send Command QP1
3846 [Agent: adapter run thread for test 'UpdateTest' with id 'daab0a36-b282-4373-85f7-0d3ad79d314e'] DEBUG RoboNui.RobotAdapter.RoboticArmServoController (null) - Send Command QP1
3846 [Agent: adapter run thread for test 'UpdateTest' with id 'daab0a36-b282-4373-85f7-0d3ad79d314e'] DEBUG RoboNui.RobotAdapter.RoboticArmServoController (null) - Send Command QP2
3846 [Agent: adapter run thread for test 'UpdateTest' with id 'daab0a36-b282-4373-85f7-0d3ad79d314e'] DEBUG RoboNui.RobotAdapter.RoboticArmServoController (null) - Send Command QP2
3846 [Agent: adapter run thread for test 'UpdateTest' with id 'daab0a36-b282-4373-85f7-0d3ad79d314e'] DEBUG RoboNui.RobotAdapter.RoboticArmServoController (null) - Send Command QP3
3846 [Agent: adapter run thread for test 'UpdateTest' with id 'daab0a36-b282-4373-85f7-0d3ad79d314e'] DEBUG RoboNui.RobotAdapter.RoboticArmServoController (null) - Send Command QP3
3846 [Agent: adapter run thread for test 'UpdateTest' with id 'daab0a36-b282-4373-85f7-0d3ad79d314e'] DEBUG RoboNui.RobotAdapter.RoboticArmServoController (null) - Send Command QP4
3846 [Agent: adapter run thread for test 'UpdateTest' with id 'daab0a36-b282-4373-85f7-0d3ad79d314e'] DEBUG RoboNui.RobotAdapter.RoboticArmServoController (null) - Send Command QP4
3846 [Agent: adapter run thread for test 'UpdateTest' with id 'daab0a36-b282-4373-85f7-0d3ad79d314e'] DEBUG RoboNui.RobotAdapter.RoboticArmServoController (null) - Send Command QP5
3846 [Agent: adapter run thread for test 'UpdateTest' with id 'daab0a36-b282-4373-85f7-0d3ad79d314e'] DEBUG RoboNui.RobotAdapter.RoboticArmServoController (null) - Send Command QP5</StdOut>
        <ErrorInfo>
          <Message>Assert.AreEqual failed. Expected:&lt;RoboNui.Core.AngleSet&gt;. Actual:&lt;RoboNui.Core.AngleSet&gt;. </Message>
          <StackTrace>   at RoboNuiTest.RoboticArmServoControllerTest.UpdateTest() in C:\Users\Eisen\Code\RoboNUI\repo\RoboticNaturalUserInterface\RoboNuiTest\RoboticArmServoControllerTest.cs:line 121
</StackTrace>
        </ErrorInfo>
      </Output>
    </UnitTestResult>
    <UnitTestResult executionId="00624e76-9705-47c8-8550-2ada943371b0" testId="eeddceb7-7d47-fd72-2af9-db464e484902" testName="UpdateTest" computerName="CRAZYEISEN" duration="00:00:00.0196160" startTime="2011-11-29T21:52:01.2382031-05:00" endTime="2011-11-29T21:52:01.2662047-05:00" testType="13cdc9d9-ddb5-4fa4-a97d-d965ccfc6d4b" outcome="Failed" testListId="8c84fa94-04c1-424b-9868-57a2d4851a1d" relativeResultsDirectory="00624e76-9705-47c8-8550-2ada943371b0">
      <Output>
        <ErrorInfo>
          <Message>Test method RoboNuiTest.JointAngleTranslatorTest.UpdateTest threw exception: 
System.NullReferenceException: Object reference not set to an instance of an object.</Message>
          <StackTrace>    at RoboNui.Core.JointAngleTranslator.Update(JointSet js) in C:\Users\Eisen\Code\RoboNUI\repo\RoboticNaturalUserInterface\RoboticNaturalUserInterface\Core\JointAngleTranslator.cs:line 108
   at RoboNuiTest.JointAngleTranslatorTest.UpdateTest() in C:\Users\Eisen\Code\RoboNUI\repo\RoboticNaturalUserInterface\RoboNuiTest\JointAngleTranslatorTest.cs:line 107
</StackTrace>
        </ErrorInfo>
      </Output>
    </UnitTestResult>
  </Results>
</TestRun>